[2015.11.06-15.20.48:677][  0]Log file open, 11/06/15 16:20:48
[2015.11.06-15.20.48:677][  0]LogInit:Display: Running engine for game: PoKeIt
[2015.11.06-15.20.48:677][  0]LogInit:Display: RandInit(1464251890) SRandInit(1464251891).
[2015.11.06-15.20.48:677][  0]LogTaskGraph: Started task graph with 4 named threads and 5 total threads.
[2015.11.06-15.20.48:677][  0]LogStats: Stats thread started at 0.170464
[2015.11.06-15.20.48:677][  0]LogInit:Warning: Incompatible or missing module: UE4Editor-PoKeIt.dll
[2015.11.06-15.20.51:223][  0]Running D:/Program Files/Epic Games/4.9/Engine/Binaries/DotNET/UnrealBuildTool.exe PoKeIt Development Win64 -project="D:/Studium/GitHub_Projects/PoKeIt/PoKeIt/PoKeIt.uproject" -rocket -editorrecompile -progress -noubtmakefiles
[2015.11.06-15.21.05:645][  0]@progress push 5%
[2015.11.06-15.21.07:723][  0]@progress pop
[2015.11.06-15.21.19:536][  0]Performing 7 actions (2 in parallel)
[2015.11.06-15.21.19:536][  0][2/7] Resource PCLaunch.rc
[2015.11.06-15.21.19:646][  0]PCH.PoKeIt.h.cpp
[2015.11.06-15.21.19:864][  0][3/7] Resource ModuleVersionResource.rc.inl
[2015.11.06-15.22.33:368][  0]PoKeIt.generated.cpp
[2015.11.06-15.22.33:368][  0]PoKeItGameMode.cpp
[2015.11.06-15.22.34:134][  0]PoKeIt.cpp
[2015.11.06-15.22.34:790][  0][7/7] Link UE4Editor-PoKeIt.dll
[2015.11.06-15.22.35:227][  0]   Bibliothek "D:\Studium\GitHub_Projects\PoKeIt\PoKeIt\Intermediate/Build/Win64\UE4Editor\Development\UE4Editor-PoKeIt.lib" und Objekt "D:\Studium\GitHub_Projects\PoKeIt\PoKeIt\Intermediate/Build/Win64\UE4Editor\Development\UE4Editor-PoKeIt.exp" werden erstellt.
[2015.11.06-15.22.36:102][  0]-------- End Detailed Actions Stats -----------------------------------------------------------
[2015.11.06-15.22.36:212][  0]Total build time: 104,79 seconds
[2015.11.06-15.22.36:868][  0]LogInit: Version: 4.9.2-2707645+++depot+UE4-Releases+4.9
[2015.11.06-15.22.36:868][  0]LogInit: API Version: 2672455
[2015.11.06-15.22.36:868][  0]LogInit: Compiled (64-bit): Sep 28 2015 10:25:44
[2015.11.06-15.22.36:868][  0]LogInit: Compiled with Visual C++: 18.00.21005.01
[2015.11.06-15.22.36:868][  0]LogInit: Build Configuration: Development
[2015.11.06-15.22.36:868][  0]LogInit: Branch Name: ++depot+UE4-Releases+4.9
[2015.11.06-15.22.36:868][  0]LogInit: Command line:  
[2015.11.06-15.22.36:868][  0]LogInit: Base directory: D:/Program Files/Epic Games/4.9/Engine/Binaries/Win64/
[2015.11.06-15.22.36:868][  0]LogInit: Rocket: 1
[2015.11.06-15.22.36:962][  0]LogInit: Using libcurl 7.41.0
[2015.11.06-15.22.36:962][  0]LogInit:  - built for x86_64-pc-win32
[2015.11.06-15.22.36:962][  0]LogInit:  - supports SSL with WinSSL
[2015.11.06-15.22.36:962][  0]LogInit:  - other features:
[2015.11.06-15.22.36:962][  0]LogInit:      CURL_VERSION_SSL
[2015.11.06-15.22.36:962][  0]LogInit:      CURL_VERSION_IPV6
[2015.11.06-15.22.36:962][  0]LogInit:      CURL_VERSION_ASYNCHDNS
[2015.11.06-15.22.36:962][  0]LogInit:      CURL_VERSION_LARGEFILE
[2015.11.06-15.22.36:962][  0]LogInit:      CURL_VERSION_IDN
[2015.11.06-15.22.36:962][  0]LogInit:  CurlRequestOptions (configurable via config and command line):
[2015.11.06-15.22.36:962][  0]LogInit:  - bVerifyPeer = true  - Libcurl will verify peer certificate
[2015.11.06-15.22.36:962][  0]LogInit:  - bUseHttpProxy = false  - Libcurl will NOT use HTTP proxy
[2015.11.06-15.22.36:962][  0]LogInit:  - bDontReuseConnections = false  - Libcurl will reuse connections
[2015.11.06-15.22.36:962][  0]LogInit:  - CertBundlePath = nullptr  - Libcurl will use whatever was configured at build time.
[2015.11.06-15.22.37:149][  0]LogInit: Presizing for 0 objects not considered by GC, pre-allocating 0 bytes.
[2015.11.06-15.22.37:196][  0]LogInit: Object subsystem initialized
[2015.11.06-15.22.37:227][  0]LogInit: Selected Device Profile: [Windows]
[2015.11.06-15.22.37:227][  0]LogInit: Applying CVar settings loaded from the selected device profile: [Windows]
[2015.11.06-15.22.37:281][  0]LogInit: Computer: DESKTOP-6GED56D
[2015.11.06-15.22.37:281][  0]LogInit: User: SamiNB
[2015.11.06-15.22.37:281][  0]LogInit: CPU Page size=4096, Cores=2
[2015.11.06-15.22.37:281][  0]LogInit: High frequency timer resolution =2.241014 MHz
[2015.11.06-15.22.37:282][  0]LogMemory: Memory total: Physical=3.9GB (4GB approx)
[2015.11.06-15.22.37:283][  0]LogMemory: Platform Memory Stats for Windows
[2015.11.06-15.22.37:283][  0]LogMemory: Process Physical Memory: 56.38 MB used, 56.38 MB peak
[2015.11.06-15.22.37:283][  0]LogMemory: Process Virtual Memory: 55.49 MB used, 55.49 MB peak
[2015.11.06-15.22.37:283][  0]LogMemory: Physical Memory: 1803.96 MB used, 4008.17 MB total
[2015.11.06-15.22.37:283][  0]LogMemory: Virtual Memory: 395.18 MB used, 134217728.00 MB total
[2015.11.06-15.22.37:894][  0]LogTextLocalizationManager: No translations for ('de-DE') exist, falling back to 'en' for localization and internationalization data.
[2015.11.06-15.22.41:114][  0]LogD3D11RHI: Found D3D11 adapter 0: Intel(R) HD Graphics 3000 (Feature Level 10_0)
[2015.11.06-15.22.41:114][  0]LogD3D11RHI: Adapter has 32MB of dedicated video memory, 0MB of dedicated system memory, and 1632MB of shared system memory, 1 output[s]
[2015.11.06-15.22.41:120][  0]LogD3D11RHI: Found D3D11 adapter 1: Microsoft Basic Render Driver (Feature Level 11_0)
[2015.11.06-15.22.41:120][  0]LogD3D11RHI: Adapter has 0MB of dedicated video memory, 0MB of dedicated system memory, and 2004MB of shared system memory, 0 output[s]
[2015.11.06-15.22.41:120][  0]LogD3D11RHI: Chosen D3D11 Adapter Id = 0
[2015.11.06-15.22.41:132][  0]LogD3D11RHI: !Direct3DDevice
[2015.11.06-15.22.41:133][  0]LogRHI: Texture pool is 593 MB (70% of 848 MB)
[2015.11.06-15.22.41:139][  0]LogD3D11RHI: Async texture creation enabled
[2015.11.06-15.22.41:218][  0]LogShaderCompilers: Guid format shader working directory is 16 characters bigger than the processId version (../../../../../../Studium/GitHub_Projects/PoKeIt/PoKeIt/Intermediate/Shaders/WorkingDirectory/792/).
[2015.11.06-15.22.41:218][  0]LogShaderCompilers: Cleaned the shader compiler working directory '../../../../../../Studium/GitHub_Projects/PoKeIt/PoKeIt/Intermediate/Shaders/tmp/7BF00A234FFA7E99CB9860B0CD83BBD6/'.
[2015.11.06-15.22.41:218][  0]LogShaderCompilers:Display: Using Local Shader Compiler.
[2015.11.06-15.22.46:219][  0]LogTemp:Display: Loaded TP AllDesktopTargetPlatform
[2015.11.06-15.22.46:240][  0]LogTemp:Display: Loaded TP WindowsClientTargetPlatform
[2015.11.06-15.22.46:262][  0]LogTemp:Display: Loaded TP WindowsNoEditorTargetPlatform
[2015.11.06-15.22.46:284][  0]LogTemp:Display: Loaded TP WindowsServerTargetPlatform
[2015.11.06-15.22.46:303][  0]LogTemp:Display: Loaded TP WindowsTargetPlatform
[2015.11.06-15.22.46:326][  0]LogTemp:Display: Loaded TP AndroidTargetPlatform
[2015.11.06-15.22.46:341][  0]LogTemp:Display: Loaded TP Android_ASTCTargetPlatform
[2015.11.06-15.22.46:356][  0]LogTemp:Display: Loaded TP Android_ATCTargetPlatform
[2015.11.06-15.22.46:370][  0]LogTemp:Display: Loaded TP Android_DXTTargetPlatform
[2015.11.06-15.22.46:385][  0]LogTemp:Display: Loaded TP Android_ETC1TargetPlatform
[2015.11.06-15.22.46:401][  0]LogTemp:Display: Loaded TP Android_ETC2TargetPlatform
[2015.11.06-15.22.46:417][  0]LogTemp:Display: Loaded TP Android_PVRTCTargetPlatform
[2015.11.06-15.22.46:420][  0]LogTemp:Display: Loaded TP HTML5TargetPlatform
[2015.11.06-15.22.46:515][  0]LogTemp:Display: Loaded TP IOSTargetPlatform
[2015.11.06-15.22.46:530][  0]LogTemp:Display: Loaded TP LinuxNoEditorTargetPlatform
[2015.11.06-15.22.46:544][  0]LogTemp:Display: Loaded TP LinuxServerTargetPlatform
[2015.11.06-15.22.46:569][  0]LogTemp:Display: Loaded TP LinuxTargetPlatform
[2015.11.06-15.22.46:569][  0]LogTargetPlatformManager:Display: Building Assets For Windows
[2015.11.06-15.22.47:543][  0]LogDerivedDataCache:Display: Max Cache Size: 512 MB
[2015.11.06-15.22.47:907][  0]LogDerivedDataCache: Loaded boot cache 0.36s 36MB C:/Users/Sami_NB/AppData/Local/UnrealEngine/4.9/DerivedDataCache/Boot.ddc.
[2015.11.06-15.22.47:907][  0]LogDerivedDataCache:Display: Loaded Boot cache: C:/Users/Sami_NB/AppData/Local/UnrealEngine/4.9/DerivedDataCache/Boot.ddc
[2015.11.06-15.22.47:908][  0]LogDerivedDataCache: FDerivedDataBackendGraph:  Pak pak cache file ../../../../../../Studium/GitHub_Projects/PoKeIt/PoKeIt/DerivedDataCache/DDC.ddp not found, will not use a pak cache.
[2015.11.06-15.22.47:908][  0]LogDerivedDataCache: Unable to find inner node Pak for hierarchical cache Hierarchy.
[2015.11.06-15.22.47:908][  0]LogDerivedDataCache: FDerivedDataBackendGraph:  CompressedPak pak cache file ../../../../../../Studium/GitHub_Projects/PoKeIt/PoKeIt/DerivedDataCache/Compressed.ddp not found, will not use a pak cache.
[2015.11.06-15.22.47:908][  0]LogDerivedDataCache: Unable to find inner node CompressedPak for hierarchical cache Hierarchy.
[2015.11.06-15.22.48:545][  0]LogDerivedDataCache:Display: Pak cache opened for reading ../../../Engine/DerivedDataCache/Compressed.ddp.
[2015.11.06-15.22.48:560][  0]LogDerivedDataCache: Using Local data cache path C:/Users/Sami_NB/AppData/Local/UnrealEngine/Common/DerivedDataCache: Writable
[2015.11.06-15.22.53:660][  0]LogInit: Selected Device Profile: [Windows]
[2015.11.06-15.22.53:677][  0]LogContentStreaming: Texture pool size is 0.000000MB
[2015.11.06-15.22.54:315][  0]LogMeshUtilities: No automatic mesh reduction module available
[2015.11.06-15.22.54:315][  0]LogMeshUtilities: No automatic mesh merging module available
[2015.11.06-15.22.55:824][  0]LogInit: WinSock: version 1.1 (2.2), MaxSocks=32767, MaxUdp=65467
[2015.11.06-15.23.07:252][  0]UdpMessaging: Initializing bridge on interface 0.0.0.0:0 to multicast group 230.0.0.1:6666.
[2015.11.06-15.23.07:760][  0]LogAssetRegistry: FAssetRegistry took 0.0128 seconds to start up
[2015.11.06-15.23.08:634][  0]SourceControl: Info Source control is disabled
[2015.11.06-15.23.08:729][  0]SourceControl: Info Source control is disabled
[2015.11.06-15.23.08:780][  0]SourceControl: Info Source control is disabled
[2015.11.06-15.23.08:824][  0]SourceControl: Info Source control is disabled
[2015.11.06-15.23.09:847][  0]LogLinker:Warning: Asset '../../../Engine/Plugins/Runtime/LeapMotionController/Content/LM_PassthroughMaterial.uasset' has been saved with empty engine version. The asset will be loaded but may be incompatible.
[2015.11.06-15.23.10:261][  0]LogObj: 28365 objects as part of root set at end of initial load.
[2015.11.06-15.23.10:261][  0]LogUObjectAllocator: 6040840 out of 0 bytes used by permanent object pool.
[2015.11.06-15.23.10:397][  0]LogEngine: Initializing Engine...
[2015.11.06-15.23.10:403][  0]LogHMD: Can't find Oculus library dev build: is proper Runtime installed? Version: 0.7.0.0
[2015.11.06-15.23.10:413][  0]LogHMD: SteamVR failed to initialize.  Err: 110
[2015.11.06-15.23.10:628][  0]LogAIModule: Creating AISystem for world NewWorld
[2015.11.06-15.23.10:650][  0]LogInit: XAudio2 using 'Lautsprecher (Realtek High Definition Audio)' : 2 channels at 48 kHz using 32 bits per sample (channel mask 0x3)
[2015.11.06-15.23.10:683][  0]LogInit: FAudioDevice initialized.
[2015.11.06-15.23.10:709][  0]LogDerivedDataCache: Saved boot cache 0.03s 36MB C:/Users/Sami_NB/AppData/Local/UnrealEngine/4.9/DerivedDataCache/Boot.ddc.
[2015.11.06-15.23.10:721][  0]LogInit: Texture streaming: Enabled
[2015.11.06-15.23.10:739][  0]LogAnalytics: Creating configured Analytics provider AnalyticsET
[2015.11.06-15.23.10:740][  0]LogAnalytics: [UEEditor.Rocket.Release] APIServer = http://et2.epicgames.com/ET2/. AppVersion = 4.9.2-2707645+++depot+UE4-Releases+4.9
[2015.11.06-15.23.10:740][  0]LogAnalytics: [UEEditor.Rocket.Release] SetUserId 7be38b9f428977bc531c68a14866e6d2|5ce7e20c7dbe4bd8bc738dec6b539789|bbcf8f73-deb8-4849-81b2-5ab77f1ba471
[2015.11.06-15.23.10:740][  0]LogAnalytics: [UEEditor.Rocket.Release] AnalyticsET::StartSession
[2015.11.06-15.23.10:863][  0]LogInit: Transaction tracking system initialized
[2015.11.06-15.23.10:937][  0]BlueprintLog: New page: Editor Load
[2015.11.06-15.23.11:796][  0]LocalizationService: Info Localization service is disabled
[2015.11.06-15.23.12:233][  0]LogConsoleResponse:Display: 
[2015.11.06-15.23.12:942][  0]LogCook:Display: Done creating registry. It took  0.00s.
[2015.11.06-15.23.13:398][  0]LogFileCache: Scanning file cache for directory 'D:/Studium/GitHub_Projects/PoKeIt/PoKeIt/Content/' took 0.02s
[2015.11.06-15.23.13:398][  0]SourceControl: Info Source control is disabled
[2015.11.06-15.23.13:402][  0]Cmd: MAP LOAD FILE="../../../../../../Studium/GitHub_Projects/PoKeIt/PoKeIt/Content/StarterContent/Maps/Minimal_Default.umap" TEMPLATE=0 SHOWPROGRESS=1 FEATURELEVEL=2
[2015.11.06-15.23.13:407][  0]LightingResults: New page: Lighting Build
[2015.11.06-15.23.13:440][  0]MapCheck: New page: Map Check
[2015.11.06-15.23.13:440][  0]LightingResults: New page: Lighting Build
[2015.11.06-15.23.13:554][  0]LogParticles: Destroying 0 GPU particle simulations for FXSystem 0x0000004785580400
[2015.11.06-15.23.16:046][  0]LogMaterial: Missing cached shader map for material M_StatueGlass, compiling. 
[2015.11.06-15.23.16:540][  0]LogAIModule: Creating AISystem for world Minimal_Default
[2015.11.06-15.23.16:638][  0]LogEditorServer: Finished looking for orphan Actors (0.001 secs)
[2015.11.06-15.23.16:658][  0]Cmd: MAP CHECKDEP NOCLEARLOG
[2015.11.06-15.23.17:087][  0]MapCheck: Info Map check complete: 0 Error(s), 0 Warning(s), took 419.737ms to complete.
[2015.11.06-15.23.17:088][  0]LogFileHelpers: Loading map 'Minimal_Default' took 3.689
[2015.11.06-15.23.17:518][  0]LogCollectionManager: Loaded 0 collections in 0.003441 seconds
[2015.11.06-15.23.17:591][  0]LogFileCache: Scanning file cache for directory 'D:/Studium/GitHub_Projects/PoKeIt/PoKeIt/Saved/Collections/' took 0.01s
[2015.11.06-15.23.17:591][  0]LogFileCache: Scanning file cache for directory 'D:/Studium/GitHub_Projects/PoKeIt/PoKeIt/Content/Developers/SamiNB/Collections/' took 0.01s
[2015.11.06-15.23.17:591][  0]LogFileCache: Scanning file cache for directory 'D:/Studium/GitHub_Projects/PoKeIt/PoKeIt/Content/Collections/' took 0.01s
[2015.11.06-15.23.17:591][  0]LogContentBrowser: Native class hierarchy populated in 0.0267 seconds. Added 1868 classes and 335 folders.
[2015.11.06-15.23.17:610][  0]LogCollectionManager: Rebuilt the GUID cache for 0 collections in 0.000014 seconds
[2015.11.06-15.23.17:631][  0]LogContentBrowser: Native class hierarchy updated for 'WidgetCarousel' in 0.0020 seconds. Added 0 classes and 0 folders.
[2015.11.06-15.23.18:065][  0]LogContentBrowser: Native class hierarchy updated for 'AddContentDialog' in 0.0023 seconds. Added 0 classes and 0 folders.
[2015.11.06-15.23.18:077][  0]LogContentBrowser: Native class hierarchy updated for 'SceneOutliner' in 0.0025 seconds. Added 1 classes and 2 folders.
[2015.11.06-15.23.18:176][  0]LogCrashTracker: Crashtracker disabled due to settings.
[2015.11.06-15.23.18:267][  0]LogLoad: Full Startup: 152.74 seconds (BP compile: 0.36 seconds)
[2015.11.06-15.23.18:431][  0]LogContentStreaming: Texture pool size now 1000 MB
[2015.11.06-15.23.18:709][  0]LogRenderer: Reallocating scene render targets to support 856x372 (Frame:2).
[2015.11.06-15.23.24:486][ 16]LogAssetRegistry: Asset discovery search completed in 16.7379 seconds
[2015.11.06-15.23.24:487][ 16]LogCollectionManager: Rebuilt the object cache for 0 collections in 0.000002 seconds (found 0 objects)
[2015.11.06-15.23.24:487][ 16]LogCollectionManager: Fixed up redirectors for 0 collections in 0.000081 seconds (updated 0 objects)
[2015.11.06-15.23.57:022][424]LogEditorViewport: Clicking on Actor (LMB): BP_Sky_Sphere_C (BP_Sky_Sphere)
[2015.11.06-15.24.12:395][503]LogShaderCompilers:Warning: Failed to compile Material /Game/StarterContent/Props/Materials/M_StatueGlass.M_StatueGlass for platform PCD3D_SM4, Default Material will be used in game.
[2015.11.06-15.25.31:320][748]LogWindowsTextInputMethodSystem:Display: IME system now deactivated.
[2015.11.06-15.25.32:307][749]Cmd: QUIT_EDITOR
[2015.11.06-15.25.34:302][749]LogExit: Preparing to exit.
[2015.11.06-15.25.35:515][749]LogExit: Editor shut down
[2015.11.06-15.25.35:515][749]LogExit: Transaction tracking system shut down
[2015.11.06-15.25.35:521][749]LogParticles: Destroying 0 GPU particle simulations for FXSystem 0x0000004785F33B00
[2015.11.06-15.25.36:126][749]LogParticles: Destroying 0 GPU particle simulations for FXSystem 0x000000478E03A520
[2015.11.06-15.25.36:126][749]LogExit: Object subsystem successfully closed.
[2015.11.06-15.25.36:146][749]LogD3D11RHI: Shutdown
[2015.11.06-15.25.36:146][749]LogD3D11RHI: CleanupD3DDevice
[2015.11.06-15.25.36:324][749]LogD3D11RHI: ~FD3D11DynamicRHI
[2015.11.06-15.25.36:433][749]LogModuleManager: Shutting down and abandoning module CrashTracker (198)
[2015.11.06-15.25.36:433][749]LogModuleManager: Shutting down and abandoning module SceneOutliner (197)
[2015.11.06-15.25.36:433][749]LogModuleManager: Shutting down and abandoning module SuperSearch (196)
[2015.11.06-15.25.36:433][749]LogModuleManager: Shutting down and abandoning module WidgetCarousel (195)
[2015.11.06-15.25.36:434][749]LogModuleManager: Shutting down and abandoning module AddContentDialog (194)
[2015.11.06-15.25.36:438][749]LogModuleManager: Shutting down and abandoning module EditorWidgets (193)
[2015.11.06-15.25.36:438][749]LogModuleManager: Shutting down and abandoning module CollectionManager (192)
[2015.11.06-15.25.36:439][749]LogModuleManager: Shutting down and abandoning module StatsViewer (191)
[2015.11.06-15.25.36:440][749]LogModuleManager: Shutting down and abandoning module FoliageEdit (190)
[2015.11.06-15.25.36:441][749]LogModuleManager: Shutting down and abandoning module LandscapeEditor (189)
[2015.11.06-15.25.36:444][749]LogModuleManager: Shutting down and abandoning module ActorPickerMode (188)
[2015.11.06-15.25.36:444][749]LogModuleManager: Shutting down and abandoning module GeometryMode (187)
[2015.11.06-15.25.36:444][749]LogModuleManager: Shutting down and abandoning module TextureAlignMode (186)
[2015.11.06-15.25.36:444][749]LogModuleManager: Shutting down and abandoning module BspMode (185)
[2015.11.06-15.25.36:444][749]LogModuleManager: Shutting down and abandoning module PlacementMode (184)
[2015.11.06-15.25.36:444][749]LogModuleManager: Shutting down and abandoning module AutomationWorker (183)
[2015.11.06-15.25.36:444][749]LogModuleManager: Shutting down and abandoning module CharacterAI (182)
[2015.11.06-15.25.36:444][749]LogModuleManager: Shutting down and abandoning module SmartSnapping (181)
[2015.11.06-15.25.36:444][749]LogModuleManager: Shutting down and abandoning module ViewportSnapping (180)
[2015.11.06-15.25.36:444][749]LogModuleManager: Shutting down and abandoning module LogVisualizer (179)
[2015.11.06-15.25.36:444][749]LogModuleManager: Shutting down and abandoning module GameProjectGeneration (178)
[2015.11.06-15.25.36:445][749]LogModuleManager: Shutting down and abandoning module IntroTutorials (177)
[2015.11.06-15.25.36:446][749]LogModuleManager: Shutting down and abandoning module EditorLiveStreaming (176)
[2015.11.06-15.25.36:446][749]LogModuleManager: Shutting down and abandoning module IOSPlatformEditor (175)
[2015.11.06-15.25.36:446][749]LogModuleManager: Shutting down and abandoning module HTML5PlatformEditor (174)
[2015.11.06-15.25.36:446][749]LogModuleManager: Shutting down and abandoning module AndroidDeviceDetection (173)
[2015.11.06-15.25.37:213][749]LogModuleManager: Shutting down and abandoning module AndroidPlatformEditor (172)
[2015.11.06-15.25.37:213][749]LogModuleManager: Shutting down and abandoning module IOSRuntimeSettings (171)
[2015.11.06-15.25.37:213][749]LogModuleManager: Shutting down and abandoning module AndroidRuntimeSettings (170)
[2015.11.06-15.25.37:213][749]LogModuleManager: Shutting down and abandoning module MergeActors (169)
[2015.11.06-15.25.37:213][749]LogModuleManager: Shutting down and abandoning module SizeMap (168)
[2015.11.06-15.25.37:214][749]LogModuleManager: Shutting down and abandoning module TreeMap (167)
[2015.11.06-15.25.37:214][749]LogModuleManager: Shutting down and abandoning module ReferenceViewer (166)
[2015.11.06-15.25.37:214][749]LogModuleManager: Shutting down and abandoning module LocalizationService (165)
[2015.11.06-15.25.37:214][749]LogModuleManager: Shutting down and abandoning module LocalizationDashboard (164)
[2015.11.06-15.25.37:215][749]LogModuleManager: Shutting down and abandoning module HardwareTargeting (163)
[2015.11.06-15.25.37:215][749]LogModuleManager: Shutting down and abandoning module DeviceProfileEditor (162)
[2015.11.06-15.25.37:215][749]LogModuleManager: Shutting down and abandoning module UndoHistory (161)
[2015.11.06-15.25.37:215][749]LogModuleManager: Shutting down and abandoning module GameplayTagsEditor (160)
[2015.11.06-15.25.37:215][749]LogModuleManager: Shutting down and abandoning module UserFeedback (159)
[2015.11.06-15.25.37:215][749]LogModuleManager: Shutting down and abandoning module XmlParser (158)
[2015.11.06-15.25.37:215][749]LogModuleManager: Shutting down and abandoning module Blutility (157)
[2015.11.06-15.25.37:215][749]LogModuleManager: Shutting down and abandoning module ProjectTargetPlatformEditor (156)
[2015.11.06-15.25.37:215][749]LogModuleManager: Shutting down and abandoning module ProjectSettingsViewer (155)
[2015.11.06-15.25.37:215][749]LogModuleManager: Shutting down and abandoning module InputBindingEditor (154)
[2015.11.06-15.25.37:216][749]LogModuleManager: Shutting down and abandoning module EditorSettingsViewer (153)
[2015.11.06-15.25.37:216][749]LogModuleManager: Shutting down and abandoning module SettingsEditor (152)
[2015.11.06-15.25.37:216][749]LogModuleManager: Shutting down and abandoning module ProjectLauncher (151)
[2015.11.06-15.25.37:218][749]LogModuleManager: Shutting down and abandoning module SessionFrontend (150)
[2015.11.06-15.25.37:219][749]LogModuleManager: Shutting down and abandoning module ProfilerClient (149)
[2015.11.06-15.25.37:219][749]LogModuleManager: Shutting down and abandoning module TargetDeviceServices (148)
[2015.11.06-15.25.37:219][749]LogModuleManager: Shutting down and abandoning module DeviceManager (147)
[2015.11.06-15.25.37:220][749]LogModuleManager: Shutting down and abandoning module AutomationController (146)
[2015.11.06-15.25.37:220][749]LogModuleManager: Shutting down and abandoning module AutomationWindow (145)
[2015.11.06-15.25.37:221][749]LogModuleManager: Shutting down and abandoning module Layers (144)
[2015.11.06-15.25.37:221][749]LogModuleManager: Shutting down and abandoning module ComponentVisualizers (143)
[2015.11.06-15.25.37:221][749]LogModuleManager: Shutting down and abandoning module DetailCustomizations (142)
[2015.11.06-15.25.37:222][749]LogModuleManager: Shutting down and abandoning module PackagesDialog (141)
[2015.11.06-15.25.37:222][749]LogModuleManager: Shutting down and abandoning module Persona (140)
[2015.11.06-15.25.37:224][749]LogModuleManager: Shutting down and abandoning module Kismet (139)
[2015.11.06-15.25.37:225][749]LogModuleManager: Shutting down and abandoning module GraphEditor (138)
[2015.11.06-15.25.37:228][749]LogModuleManager: Shutting down and abandoning module ClassViewer (137)
[2015.11.06-15.25.37:228][749]LogModuleManager: Shutting down and abandoning module Toolbox (136)
[2015.11.06-15.25.37:228][749]LogModuleManager: Shutting down and abandoning module ModuleUI (135)
[2015.11.06-15.25.37:228][749]LogModuleManager: Shutting down and abandoning module MovieSceneTools (134)
[2015.11.06-15.25.37:228][749]LogModuleManager: Shutting down and abandoning module OutputLog (133)
[2015.11.06-15.25.37:228][749]LogModuleManager: Shutting down and abandoning module GammaUI (132)
[2015.11.06-15.25.37:228][749]LogModuleManager: Shutting down and abandoning module Documentation (131)
[2015.11.06-15.25.37:229][749]LogModuleManager: Shutting down and abandoning module GameLiveStreaming (130)
[2015.11.06-15.25.37:229][749]LogModuleManager: Shutting down and abandoning module StreamingPauseRendering (129)
[2015.11.06-15.25.37:229][749]LogModuleManager: Shutting down and abandoning module AnalyticsET (128)
[2015.11.06-15.25.37:229][749]LogModuleManager: Shutting down and abandoning module Analytics (127)
[2015.11.06-15.25.37:229][749]LogModuleManager: Shutting down and abandoning module AITestSuite (126)
[2015.11.06-15.25.37:229][749]LogModuleManager: Shutting down and abandoning module GameplayDebugger (125)
[2015.11.06-15.25.37:229][749]LogModuleManager: Shutting down and abandoning module AIModule (124)
[2015.11.06-15.25.37:230][749]LogModuleManager: Shutting down and abandoning module ProfilerService (123)
[2015.11.06-15.25.37:477][749]LogModuleManager: Shutting down and abandoning module TaskGraph (122)
[2015.11.06-15.25.37:477][749]LogModuleManager: Shutting down and abandoning module SlateRemote (121)
[2015.11.06-15.25.37:478][749]LogModuleManager: Shutting down and abandoning module SteamVRController (120)
[2015.11.06-15.25.37:478][749]LogModuleManager: Shutting down and abandoning module SteamVR (119)
[2015.11.06-15.25.37:478][749]LogModuleManager: Shutting down and abandoning module ProceduralMeshComponent (118)
[2015.11.06-15.25.37:478][749]LogModuleManager: Shutting down and abandoning module OculusRift (117)
[2015.11.06-15.25.37:478][749]LogModuleManager: Shutting down and abandoning module OculusLibrary (116)
[2015.11.06-15.25.37:478][749]LogModuleManager: Shutting down and abandoning module LeapMotionController (115)
[2015.11.06-15.25.37:492][749]LogModuleManager: Shutting down and abandoning module CustomMeshComponent (114)
[2015.11.06-15.25.37:492][749]LogModuleManager: Shutting down and abandoning module CableComponent (113)
[2015.11.06-15.25.37:492][749]LogModuleManager: Shutting down and abandoning module ArchVisCharacter (112)
[2015.11.06-15.25.37:492][749]LogModuleManager: Shutting down and abandoning module MessagingDebugger (111)
[2015.11.06-15.25.37:495][749]LogModuleManager: Shutting down and abandoning module MediaPlayerEditor (110)
[2015.11.06-15.25.37:496][749]LogModuleManager: Shutting down and abandoning module HTML5Networking (109)
[2015.11.06-15.25.37:496][749]LogModuleManager: Shutting down and abandoning module SpeedTreeImporter (108)
[2015.11.06-15.25.37:496][749]LogModuleManager: Shutting down and abandoning module PluginBrowser (107)
[2015.11.06-15.25.37:497][749]LogModuleManager: Shutting down and abandoning module EpicSurvey (106)
[2015.11.06-15.25.37:497][749]LogModuleManager: Shutting down and abandoning module VisualStudioSourceCodeAccess (105)
[2015.11.06-15.25.37:498][749]LogModuleManager: Shutting down and abandoning module UObjectPlugin (104)
[2015.11.06-15.25.37:498][749]LogModuleManager: Shutting down and abandoning module SubversionSourceControl (103)
[2015.11.06-15.25.37:499][749]LogModuleManager: Shutting down and abandoning module PerforceSourceControl (102)
[2015.11.06-15.25.37:500][749]LogModuleManager: Shutting down and abandoning module SourceControl (101)
[2015.11.06-15.25.37:500][749]LogModuleManager: Shutting down and abandoning module GitSourceControl (100)
[2015.11.06-15.25.37:501][749]LogModuleManager: Shutting down and abandoning module LightPropagationVolumeEditor (99)
[2015.11.06-15.25.37:501][749]LogModuleManager: Shutting down and abandoning module PaperTiledImporter (98)
[2015.11.06-15.25.37:502][749]LogModuleManager: Shutting down and abandoning module PaperSpriteSheetImporter (97)
[2015.11.06-15.25.37:502][749]LogModuleManager: Shutting down and abandoning module MeshPaint (96)
[2015.11.06-15.25.37:502][749]LogModuleManager: Shutting down and abandoning module SlateReflector (95)
[2015.11.06-15.25.37:502][749]LogModuleManager: Shutting down and abandoning module HotReload (94)
[2015.11.06-15.25.37:502][749]LogModuleManager: Shutting down and abandoning module MainFrame (93)
[2015.11.06-15.25.37:502][749]LogModuleManager: Shutting down and abandoning module LevelEditor (92)
[2015.11.06-15.25.37:504][749]LogModuleManager: Shutting down and abandoning module DirectoryWatcher (91)
[2015.11.06-15.25.37:505][749]LogModuleManager: Shutting down and abandoning module AssetRegistry (90)
[2015.11.06-15.25.37:625][749]LogModuleManager: Shutting down and abandoning module ContentBrowser (89)
[2015.11.06-15.25.37:626][749]LogModuleManager: Shutting down and abandoning module Paper2DEditor (88)
[2015.11.06-15.25.37:629][749]LogModuleManager: Shutting down and abandoning module PoKeIt (87)
[2015.11.06-15.25.37:629][749]LogModuleManager: Shutting down and abandoning module UdpMessaging (86)
[2015.11.06-15.25.37:729][749]LogModuleManager: Shutting down and abandoning module LightPropagationVolumeRuntime (85)
[2015.11.06-15.25.37:729][749]LogModuleManager: Shutting down and abandoning module Paper2D (84)
[2015.11.06-15.25.37:730][749]LogModuleManager: Shutting down and abandoning module WindowsMoviePlayer (83)
[2015.11.06-15.25.37:736][749]LogModuleManager: Shutting down and abandoning module Media (82)
[2015.11.06-15.25.37:736][749]LogModuleManager: Shutting down and abandoning module WmfMedia (81)
[2015.11.06-15.25.37:737][749]LogModuleManager: Shutting down and abandoning module OnlineBlueprintSupport (80)
[2015.11.06-15.25.37:737][749]LogModuleManager: Shutting down and abandoning module GameplayTasksEditor (79)
[2015.11.06-15.25.37:737][749]LogModuleManager: Shutting down and abandoning module PropertyEditor (78)
[2015.11.06-15.25.37:737][749]LogModuleManager: Shutting down and abandoning module BehaviorTreeEditor (77)
[2015.11.06-15.25.37:739][749]LogModuleManager: Shutting down and abandoning module FunctionalTesting (76)
[2015.11.06-15.25.37:739][749]LogModuleManager: Shutting down and abandoning module CollisionAnalyzer (75)
[2015.11.06-15.25.37:739][749]LogModuleManager: Shutting down and abandoning module WorkspaceMenuStructure (74)
[2015.11.06-15.25.37:739][749]LogModuleManager: Shutting down and abandoning module MessageLog (73)
[2015.11.06-15.25.37:739][749]LogModuleManager: Shutting down and abandoning module Sequencer (72)
[2015.11.06-15.25.37:741][749]LogModuleManager: Shutting down and abandoning module AssetTools (71)
[2015.11.06-15.25.37:743][749]LogModuleManager: Shutting down and abandoning module UMGEditor (70)
[2015.11.06-15.25.37:744][749]LogModuleManager: Shutting down and abandoning module UMG (69)
[2015.11.06-15.25.37:746][749]LogModuleManager: Shutting down and abandoning module Slate (68)
[2015.11.06-15.25.37:746][749]LogModuleManager: Shutting down and abandoning module EditorStyle (67)
[2015.11.06-15.25.37:748][749]LogModuleManager: Shutting down and abandoning module SessionServices (66)
[2015.11.06-15.25.37:748][749]LogModuleManager: Shutting down and abandoning module SourceCodeAccess (65)
[2015.11.06-15.25.37:748][749]LogModuleManager: Shutting down and abandoning module HeadMountedDisplay (64)
[2015.11.06-15.25.37:748][749]LogModuleManager: Shutting down and abandoning module XAudio2 (63)
[2015.11.06-15.25.37:748][749]LogModuleManager: Shutting down and abandoning module Networking (61)
[2015.11.06-15.25.37:748][749]LogModuleManager: Shutting down and abandoning module Core (60)
[2015.11.06-15.25.37:748][749]LogModuleManager: Shutting down and abandoning module KismetCompiler (59)
[2015.11.06-15.25.37:748][749]LogModuleManager: Shutting down and abandoning module PhysXFormats (58)
[2015.11.06-15.25.37:748][749]LogModuleManager: Shutting down and abandoning module MeshUtilities (57)
[2015.11.06-15.25.37:748][749]LogModuleManager: Shutting down and abandoning module CookingStats (56)
[2015.11.06-15.25.37:749][749]LogModuleManager: Shutting down and abandoning module DerivedDataCache (55)
[2015.11.06-15.25.37:785][749]LogDerivedDataCache: Shutdown
[2015.11.06-15.25.37:785][749]LogModuleManager: Shutting down and abandoning module ShaderFormatOpenGL (54)
[2015.11.06-15.25.37:785][749]LogModuleManager: Shutting down and abandoning module ShaderFormatD3D (53)
[2015.11.06-15.25.37:785][749]LogModuleManager: Shutting down and abandoning module MetalShaderFormat (52)
[2015.11.06-15.25.37:785][749]LogModuleManager: Shutting down and abandoning module TextureFormatUncompressed (51)
[2015.11.06-15.25.37:785][749]LogModuleManager: Shutting down and abandoning module TextureFormatPVR (50)
[2015.11.06-15.25.37:785][749]LogModuleManager: Shutting down and abandoning module TextureFormatIntelISPCTexComp (49)
[2015.11.06-15.25.37:785][749]LogModuleManager: Shutting down and abandoning module TextureFormatDXT (48)
[2015.11.06-15.25.37:785][749]LogModuleManager: Shutting down and abandoning module ImageWrapper (47)
[2015.11.06-15.25.37:785][749]LogModuleManager: Shutting down and abandoning module TextureFormatASTC (46)
[2015.11.06-15.25.37:785][749]LogModuleManager: Shutting down and abandoning module TextureFormatAndroid (45)
[2015.11.06-15.25.37:785][749]LogModuleManager: Shutting down and abandoning module AudioFormatOpus (44)
[2015.11.06-15.25.37:785][749]LogModuleManager: Shutting down and abandoning module AudioFormatOgg (43)
[2015.11.06-15.25.37:785][749]LogModuleManager: Shutting down and abandoning module AudioFormatADPCM (42)
[2015.11.06-15.25.37:785][749]LogModuleManager: Shutting down and abandoning module LinuxTargetPlatform (41)
[2015.11.06-15.25.37:785][749]LogModuleManager: Shutting down and abandoning module LinuxServerTargetPlatform (40)
[2015.11.06-15.25.37:785][749]LogModuleManager: Shutting down and abandoning module LinuxNoEditorTargetPlatform (39)
[2015.11.06-15.25.37:785][749]LogModuleManager: Shutting down and abandoning module Messaging (38)
[2015.11.06-15.25.37:785][749]LogModuleManager: Shutting down and abandoning module IOSTargetPlatform (37)
[2015.11.06-15.25.37:785][749]LogModuleManager: Shutting down and abandoning module HTML5TargetPlatform (36)
[2015.11.06-15.25.37:785][749]LogModuleManager: Shutting down and abandoning module Android_PVRTCTargetPlatform (35)
[2015.11.06-15.25.37:786][749]LogModuleManager: Shutting down and abandoning module Android_ETC2TargetPlatform (34)
[2015.11.06-15.25.37:786][749]LogModuleManager: Shutting down and abandoning module Android_ETC1TargetPlatform (33)
[2015.11.06-15.25.37:786][749]LogModuleManager: Shutting down and abandoning module Android_DXTTargetPlatform (32)
[2015.11.06-15.25.37:786][749]LogModuleManager: Shutting down and abandoning module Android_ATCTargetPlatform (31)
[2015.11.06-15.25.37:786][749]LogModuleManager: Shutting down and abandoning module Android_ASTCTargetPlatform (30)
[2015.11.06-15.25.37:786][749]LogModuleManager: Shutting down and abandoning module AndroidTargetPlatform (29)
[2015.11.06-15.25.37:786][749]LogModuleManager: Shutting down and abandoning module WindowsTargetPlatform (28)
[2015.11.06-15.25.37:786][749]LogModuleManager: Shutting down and abandoning module WindowsServerTargetPlatform (27)
[2015.11.06-15.25.37:786][749]LogModuleManager: Shutting down and abandoning module WindowsNoEditorTargetPlatform (26)
[2015.11.06-15.25.37:786][749]LogModuleManager: Shutting down and abandoning module WindowsClientTargetPlatform (25)
[2015.11.06-15.25.37:786][749]LogModuleManager: Shutting down and abandoning module AllDesktopTargetPlatform (24)
[2015.11.06-15.25.37:786][749]LogModuleManager: Shutting down and abandoning module TargetPlatform (23)
[2015.11.06-15.25.37:786][749]LogModuleManager: Shutting down and abandoning module InputCore (22)
[2015.11.06-15.25.37:786][749]LogModuleManager: Shutting down and abandoning module Settings (21)
[2015.11.06-15.25.37:786][749]LogModuleManager: Shutting down and abandoning module OnlineSubsystem (19)
[2015.11.06-15.25.37:786][749]LogModuleManager: Shutting down and abandoning module HTTP (18)
[2015.11.06-15.25.39:837][749]LogModuleManager: Shutting down and abandoning module XMPP (17)
[2015.11.06-15.25.39:839][749]LogModuleManager: Shutting down and abandoning module ExampleDeviceProfileSelector (16)
[2015.11.06-15.25.39:839][749]LogModuleManager: Shutting down and abandoning module DesktopPlatform (15)
[2015.11.06-15.25.39:848][749]LogModuleManager: Shutting down and abandoning module TextureCompressor (14)
[2015.11.06-15.25.39:849][749]LogModuleManager: Shutting down and abandoning module ShaderCore (13)
[2015.11.06-15.25.39:849][749]LogModuleManager: Shutting down and abandoning module Landscape (12)
[2015.11.06-15.25.39:849][749]LogModuleManager: Shutting down and abandoning module SlateRHIRenderer (11)
[2015.11.06-15.25.39:854][749]LogModuleManager: Shutting down and abandoning module OpenGLDrv (10)
[2015.11.06-15.25.39:855][749]LogModuleManager: Shutting down and abandoning module D3D11RHI (9)
[2015.11.06-15.25.39:855][749]LogModuleManager: Shutting down and abandoning module AnimGraphRuntime (8)
[2015.11.06-15.25.39:856][749]LogModuleManager: Shutting down and abandoning module Renderer (7)
[2015.11.06-15.25.39:856][749]LogModuleManager: Shutting down and abandoning module Engine (6)
[2015.11.06-15.25.39:856][749]LogModuleManager: Shutting down and abandoning module CoreUObject (5)
[2015.11.06-15.25.39:856][749]LogModuleManager: Shutting down and abandoning module NetworkFile (4)
[2015.11.06-15.25.39:857][749]LogModuleManager: Shutting down and abandoning module StreamingFile (3)
[2015.11.06-15.25.39:857][749]LogModuleManager: Shutting down and abandoning module SandboxFile (2)
[2015.11.06-15.25.39:864][749]LogModuleManager: Shutting down and abandoning module PakFile (1)
[2015.11.06-15.25.39:868][749]LogExit: Exiting.
[2015.11.06-15.25.39:981][749]Log file closed, 11/06/15 16:25:39
