[2015.11.17-15.28.21:922][  0]Log file open, 11/17/15 16:28:21
[2015.11.17-15.28.21:922][  0]LogInit:Display: Running engine for game: PoKeIt
[2015.11.17-15.28.21:922][  0]LogInit:Display: RandInit(-428504303) SRandInit(-428504303).
[2015.11.17-15.28.21:922][  0]LogTaskGraph: Started task graph with 4 named threads and 5 total threads.
[2015.11.17-15.28.21:922][  0]LogStats: Stats thread started at 0.091433
[2015.11.17-15.28.21:922][  0]LogInit:Warning: Incompatible or missing module: UE4Editor-PoKeIt.dll
[2015.11.17-15.28.25:995][  0]Running C:/Program Files/Unreal/Epic Games/4.9/Engine/Binaries/DotNET/UnrealBuildTool.exe PoKeIt Development Win64 -project="C:/GitHub/PoKeIt/PoKeIt/PoKeIt.uproject" -rocket -editorrecompile -progress -noubtmakefiles
[2015.11.17-15.28.31:811][  0]@progress push 5%
[2015.11.17-15.28.33:520][  0]Parsing headers for PoKeItEditor
[2015.11.17-15.28.33:520][  0]  Running UnrealHeaderTool "C:/GitHub/PoKeIt/PoKeIt/PoKeIt.uproject" "C:\GitHub\PoKeIt\PoKeIt\Intermediate\Build\Win64\PoKeItEditor\Development\UnrealHeaderTool.manifest" -LogCmds="loginit warning, logexit warning, logdatabase error" -rocket -installed
[2015.11.17-15.28.47:241][  0]Reflection code generated for PoKeItEditor in 13,7625121 seconds
[2015.11.17-15.28.47:643][  0]@progress pop
[2015.11.17-15.28.50:259][  0]Performing 2 actions (2 in parallel)
[2015.11.17-15.28.50:259][  0]PlayerControllerP.cpp
[2015.11.17-15.28.50:661][  0][2/2] Link UE4Editor-PoKeIt.dll
[2015.11.17-15.28.50:763][  0]   Bibliothek "C:\GitHub\PoKeIt\PoKeIt\Intermediate/Build/Win64\UE4Editor\Development\UE4Editor-PoKeIt.lib" und Objekt "C:\GitHub\PoKeIt\PoKeIt\Intermediate/Build/Win64\UE4Editor\Development\UE4Editor-PoKeIt.exp" werden erstellt.
[2015.11.17-15.28.51:664][  0]-------- End Detailed Actions Stats -----------------------------------------------------------
[2015.11.17-15.28.51:764][  0]Total build time: 25,62 seconds
[2015.11.17-15.28.52:596][  0]LogInit: Version: 4.9.2-2707645+++depot+UE4-Releases+4.9
[2015.11.17-15.28.52:596][  0]LogInit: API Version: 2672455
[2015.11.17-15.28.52:596][  0]LogInit: Compiled (64-bit): Sep 28 2015 10:25:44
[2015.11.17-15.28.52:596][  0]LogInit: Compiled with Visual C++: 18.00.21005.01
[2015.11.17-15.28.52:596][  0]LogInit: Build Configuration: Development
[2015.11.17-15.28.52:596][  0]LogInit: Branch Name: ++depot+UE4-Releases+4.9
[2015.11.17-15.28.52:596][  0]LogInit: Command line:  
[2015.11.17-15.28.52:596][  0]LogInit: Base directory: C:/Program Files/Unreal/Epic Games/4.9/Engine/Binaries/Win64/
[2015.11.17-15.28.52:596][  0]LogInit: Rocket: 1
[2015.11.17-15.28.52:620][  0]LogInit: Using libcurl 7.41.0
[2015.11.17-15.28.52:620][  0]LogInit:  - built for x86_64-pc-win32
[2015.11.17-15.28.52:620][  0]LogInit:  - supports SSL with WinSSL
[2015.11.17-15.28.52:620][  0]LogInit:  - other features:
[2015.11.17-15.28.52:620][  0]LogInit:      CURL_VERSION_SSL
[2015.11.17-15.28.52:620][  0]LogInit:      CURL_VERSION_IPV6
[2015.11.17-15.28.52:620][  0]LogInit:      CURL_VERSION_ASYNCHDNS
[2015.11.17-15.28.52:620][  0]LogInit:      CURL_VERSION_LARGEFILE
[2015.11.17-15.28.52:620][  0]LogInit:      CURL_VERSION_IDN
[2015.11.17-15.28.52:620][  0]LogInit:  CurlRequestOptions (configurable via config and command line):
[2015.11.17-15.28.52:620][  0]LogInit:  - bVerifyPeer = true  - Libcurl will verify peer certificate
[2015.11.17-15.28.52:620][  0]LogInit:  - bUseHttpProxy = false  - Libcurl will NOT use HTTP proxy
[2015.11.17-15.28.52:620][  0]LogInit:  - bDontReuseConnections = false  - Libcurl will reuse connections
[2015.11.17-15.28.52:620][  0]LogInit:  - CertBundlePath = nullptr  - Libcurl will use whatever was configured at build time.
[2015.11.17-15.28.52:633][  0]LogInit: Presizing for 0 objects not considered by GC, pre-allocating 0 bytes.
[2015.11.17-15.28.52:643][  0]LogInit: Object subsystem initialized
[2015.11.17-15.28.52:645][  0]LogInit: Selected Device Profile: [Windows]
[2015.11.17-15.28.52:645][  0]LogInit: Applying CVar settings loaded from the selected device profile: [Windows]
[2015.11.17-15.28.52:658][  0]LogInit: Computer: ULTRABOOK
[2015.11.17-15.28.52:658][  0]LogInit: User: Matthias
[2015.11.17-15.28.52:658][  0]LogInit: CPU Page size=4096, Cores=2
[2015.11.17-15.28.52:658][  0]LogInit: High frequency timer resolution =1.461460 MHz
[2015.11.17-15.28.52:658][  0]LogMemory: Memory total: Physical=7.9GB (8GB approx)
[2015.11.17-15.28.52:658][  0]LogMemory: Platform Memory Stats for Windows
[2015.11.17-15.28.52:658][  0]LogMemory: Process Physical Memory: 59.32 MB used, 59.32 MB peak
[2015.11.17-15.28.52:658][  0]LogMemory: Process Virtual Memory: 56.09 MB used, 56.09 MB peak
[2015.11.17-15.28.52:658][  0]LogMemory: Physical Memory: 2852.40 MB used, 8072.27 MB total
[2015.11.17-15.28.52:658][  0]LogMemory: Virtual Memory: 413.76 MB used, 134217728.00 MB total
[2015.11.17-15.28.52:702][  0]LogTextLocalizationManager: No translations for ('de-DE') exist, falling back to 'en' for localization and internationalization data.
[2015.11.17-15.28.53:991][  0]LogD3D11RHI: Found D3D11 adapter 0: Intel(R) HD Graphics Family (Feature Level 11_0)
[2015.11.17-15.28.53:991][  0]LogD3D11RHI: Adapter has 112MB of dedicated video memory, 0MB of dedicated system memory, and 4036MB of shared system memory, 1 output[s]
[2015.11.17-15.28.53:993][  0]LogD3D11RHI: Found D3D11 adapter 1: Microsoft Basic Render Driver (Feature Level 11_0)
[2015.11.17-15.28.53:993][  0]LogD3D11RHI: Adapter has 0MB of dedicated video memory, 0MB of dedicated system memory, and 4036MB of shared system memory, 0 output[s]
[2015.11.17-15.28.53:993][  0]LogD3D11RHI: Chosen D3D11 Adapter Id = 0
[2015.11.17-15.28.53:999][  0]LogD3D11RHI: !Direct3DDevice
[2015.11.17-15.28.53:999][  0]LogRHI: Texture pool is 1361 MB (70% of 1945 MB)
[2015.11.17-15.28.54:008][  0]LogD3D11RHI: Async texture creation enabled
[2015.11.17-15.28.54:014][  0]LogShaderCompilers: Guid format shader working directory is 15 characters bigger than the processId version (../../../../../../../GitHub/PoKeIt/PoKeIt/Intermediate/Shaders/WorkingDirectory/6816/).
[2015.11.17-15.28.54:015][  0]LogShaderCompilers: Cleaned the shader compiler working directory '../../../../../../../GitHub/PoKeIt/PoKeIt/Intermediate/Shaders/tmp/BB8DCDB2489C38FDC1EA30BB91F552EA/'.
[2015.11.17-15.28.54:015][  0]LogShaderCompilers:Display: Using Local Shader Compiler.
[2015.11.17-15.28.55:876][  0]LogTemp:Display: Loaded TP AllDesktopTargetPlatform
[2015.11.17-15.28.55:885][  0]LogTemp:Display: Loaded TP WindowsClientTargetPlatform
[2015.11.17-15.28.55:895][  0]LogTemp:Display: Loaded TP WindowsNoEditorTargetPlatform
[2015.11.17-15.28.55:904][  0]LogTemp:Display: Loaded TP WindowsServerTargetPlatform
[2015.11.17-15.28.55:914][  0]LogTemp:Display: Loaded TP WindowsTargetPlatform
[2015.11.17-15.28.55:920][  0]LogTemp:Display: Loaded TP AndroidTargetPlatform
[2015.11.17-15.28.55:926][  0]LogTemp:Display: Loaded TP Android_ASTCTargetPlatform
[2015.11.17-15.28.55:932][  0]LogTemp:Display: Loaded TP Android_ATCTargetPlatform
[2015.11.17-15.28.55:937][  0]LogTemp:Display: Loaded TP Android_DXTTargetPlatform
[2015.11.17-15.28.55:943][  0]LogTemp:Display: Loaded TP Android_ETC1TargetPlatform
[2015.11.17-15.28.55:949][  0]LogTemp:Display: Loaded TP Android_ETC2TargetPlatform
[2015.11.17-15.28.55:955][  0]LogTemp:Display: Loaded TP Android_PVRTCTargetPlatform
[2015.11.17-15.28.55:957][  0]LogTemp:Display: Loaded TP HTML5TargetPlatform
[2015.11.17-15.28.55:979][  0]LogTemp:Display: Loaded TP IOSTargetPlatform
[2015.11.17-15.28.55:985][  0]LogTemp:Display: Loaded TP LinuxNoEditorTargetPlatform
[2015.11.17-15.28.55:990][  0]LogTemp:Display: Loaded TP LinuxServerTargetPlatform
[2015.11.17-15.28.55:996][  0]LogTemp:Display: Loaded TP LinuxTargetPlatform
[2015.11.17-15.28.55:996][  0]LogTargetPlatformManager:Display: Building Assets For Windows
[2015.11.17-15.28.56:154][  0]LogDerivedDataCache:Display: Max Cache Size: 512 MB
[2015.11.17-15.28.56:221][  0]LogDerivedDataCache: Loaded boot cache 0.07s 41MB C:/Users/Matthias/AppData/Local/UnrealEngine/4.9/DerivedDataCache/Boot.ddc.
[2015.11.17-15.28.56:221][  0]LogDerivedDataCache:Display: Loaded Boot cache: C:/Users/Matthias/AppData/Local/UnrealEngine/4.9/DerivedDataCache/Boot.ddc
[2015.11.17-15.28.56:222][  0]LogDerivedDataCache: FDerivedDataBackendGraph:  Pak pak cache file ../../../../../../../GitHub/PoKeIt/PoKeIt/DerivedDataCache/DDC.ddp not found, will not use a pak cache.
[2015.11.17-15.28.56:222][  0]LogDerivedDataCache: Unable to find inner node Pak for hierarchical cache Hierarchy.
[2015.11.17-15.28.56:222][  0]LogDerivedDataCache: FDerivedDataBackendGraph:  CompressedPak pak cache file ../../../../../../../GitHub/PoKeIt/PoKeIt/DerivedDataCache/Compressed.ddp not found, will not use a pak cache.
[2015.11.17-15.28.56:222][  0]LogDerivedDataCache: Unable to find inner node CompressedPak for hierarchical cache Hierarchy.
[2015.11.17-15.28.56:458][  0]LogDerivedDataCache:Display: Pak cache opened for reading ../../../Engine/DerivedDataCache/Compressed.ddp.
[2015.11.17-15.28.56:471][  0]LogDerivedDataCache: Using Local data cache path C:/Users/Matthias/AppData/Local/UnrealEngine/Common/DerivedDataCache: Writable
[2015.11.17-15.28.56:748][  0]LogInit: Selected Device Profile: [Windows]
[2015.11.17-15.28.56:752][  0]LogContentStreaming: Texture pool size is 0.000000MB
[2015.11.17-15.28.56:952][  0]LogMeshUtilities: No automatic mesh reduction module available
[2015.11.17-15.28.56:952][  0]LogMeshUtilities: No automatic mesh merging module available
[2015.11.17-15.28.57:338][  0]LogInit: WinSock: version 1.1 (2.2), MaxSocks=32767, MaxUdp=65467
[2015.11.17-15.28.58:520][  0]UdpMessaging: Initializing bridge on interface 0.0.0.0:0 to multicast group 230.0.0.1:6666.
[2015.11.17-15.28.58:678][  0]LogAssetRegistry: FAssetRegistry took 0.0107 seconds to start up
[2015.11.17-15.28.59:028][  0]SourceControl: Info Source control is disabled
[2015.11.17-15.28.59:046][  0]SourceControl: Info Source control is disabled
[2015.11.17-15.28.59:070][  0]SourceControl: Info Source control is disabled
[2015.11.17-15.28.59:096][  0]SourceControl: Info Source control is disabled
[2015.11.17-15.28.59:358][  0]LogLinker:Warning: Asset '../../../Engine/Plugins/Runtime/LeapMotionController/Content/LM_PassthroughMaterial.uasset' has been saved with empty engine version. The asset will be loaded but may be incompatible.
[2015.11.17-15.28.59:497][  0]LogObj: 28371 objects as part of root set at end of initial load.
[2015.11.17-15.28.59:497][  0]LogUObjectAllocator: 6044088 out of 0 bytes used by permanent object pool.
[2015.11.17-15.28.59:584][  0]LogEngine: Initializing Engine...
[2015.11.17-15.28.59:588][  0]LogHMD: Can't find Oculus library dev build: is proper Runtime installed? Version: 0.7.0.0
[2015.11.17-15.28.59:589][  0]LogHMD: SteamVR failed to initialize.  Err: 110
[2015.11.17-15.28.59:796][  0]LogAIModule: Creating AISystem for world NewWorld
[2015.11.17-15.28.59:803][  0]LogInit: XAudio2 using 'Lautsprecher (Conexant SmartAudio HD)' : 2 channels at 48 kHz using 32 bits per sample (channel mask 0x3)
[2015.11.17-15.28.59:821][  0]LogInit: FAudioDevice initialized.
[2015.11.17-15.28.59:852][  0]LogDerivedDataCache: Saved boot cache 0.03s 41MB C:/Users/Matthias/AppData/Local/UnrealEngine/4.9/DerivedDataCache/Boot.ddc.
[2015.11.17-15.28.59:857][  0]LogInit: Texture streaming: Enabled
[2015.11.17-15.28.59:867][  0]LogAnalytics: Creating configured Analytics provider AnalyticsET
[2015.11.17-15.28.59:867][  0]LogAnalytics: [UEEditor.Rocket.Release] APIServer = http://et2.epicgames.com/ET2/. AppVersion = 4.9.2-2707645+++depot+UE4-Releases+4.9
[2015.11.17-15.28.59:867][  0]LogAnalytics: [UEEditor.Rocket.Release] SetUserId ea06a3b04c0f8a332693ea899946ccfb|07c81630c84b4fad9892fd26aa8d9c56|fc191e15-9d1f-4031-a93a-f1e157cef894
[2015.11.17-15.28.59:867][  0]LogAnalytics: [UEEditor.Rocket.Release] AnalyticsET::StartSession
[2015.11.17-15.28.59:885][  0]LogWindowsTextInputMethodSystem:Display: IME system now deactivated.
[2015.11.17-15.28.59:885][  0]LogWindowsTextInputMethodSystem:Display: IME system now deactivated.
[2015.11.17-15.28.59:916][  0]LogInit: Transaction tracking system initialized
[2015.11.17-15.28.59:989][  0]BlueprintLog: New page: Editor Load
[2015.11.17-15.29.00:250][  0]LocalizationService: Info Localization service is disabled
[2015.11.17-15.29.00:413][  0]LogConsoleResponse:Display: 
[2015.11.17-15.29.00:674][  0]LogCook:Display: Done creating registry. It took  0.00s.
[2015.11.17-15.29.00:815][  0]LogFileCache: Scanning file cache for directory 'C:/GitHub/PoKeIt/PoKeIt/Content/' took 0.02s
[2015.11.17-15.29.00:815][  0]SourceControl: Info Source control is disabled
[2015.11.17-15.29.00:815][  0]Cmd: MAP LOAD FILE="../../../../../../../GitHub/PoKeIt/PoKeIt/Content/StarterContent/Maps/Minimal_Default.umap" TEMPLATE=0 SHOWPROGRESS=1 FEATURELEVEL=3
[2015.11.17-15.29.00:816][  0]LightingResults: New page: Lighting Build
[2015.11.17-15.29.00:822][  0]MapCheck: New page: Map Check
[2015.11.17-15.29.00:822][  0]LightingResults: New page: Lighting Build
[2015.11.17-15.29.00:857][  0]LogParticles: Destroying 0 GPU particle simulations for FXSystem 0x000000B23591CB80
[2015.11.17-15.29.01:577][  0]LogAIModule: Creating AISystem for world Minimal_Default
[2015.11.17-15.29.01:590][  0]LogEditorServer: Finished looking for orphan Actors (0.000 secs)
[2015.11.17-15.29.01:591][  0]Cmd: MAP CHECKDEP NOCLEARLOG
[2015.11.17-15.29.01:713][  0]MapCheck: Info Map check complete: 0 Error(s), 0 Warning(s), took 122.084ms to complete.
[2015.11.17-15.29.01:713][  0]LogFileHelpers: Loading map 'Minimal_Default' took 0.898
[2015.11.17-15.29.01:887][  0]LogCollectionManager: Loaded 0 collections in 0.005265 seconds
[2015.11.17-15.29.01:938][  0]LogFileCache: Scanning file cache for directory 'C:/GitHub/PoKeIt/PoKeIt/Saved/Collections/' took 0.01s
[2015.11.17-15.29.01:938][  0]LogFileCache: Scanning file cache for directory 'C:/GitHub/PoKeIt/PoKeIt/Content/Developers/Matthias/Collections/' took 0.01s
[2015.11.17-15.29.01:938][  0]LogFileCache: Scanning file cache for directory 'C:/GitHub/PoKeIt/PoKeIt/Content/Collections/' took 0.01s
[2015.11.17-15.29.01:938][  0]LogContentBrowser: Native class hierarchy populated in 0.0168 seconds. Added 1869 classes and 335 folders.
[2015.11.17-15.29.01:949][  0]LogCollectionManager: Rebuilt the GUID cache for 0 collections in 0.000005 seconds
[2015.11.17-15.29.01:966][  0]LogContentBrowser: Native class hierarchy updated for 'WidgetCarousel' in 0.0025 seconds. Added 0 classes and 0 folders.
[2015.11.17-15.29.02:058][  0]LogContentBrowser: Native class hierarchy updated for 'AddContentDialog' in 0.0026 seconds. Added 0 classes and 0 folders.
[2015.11.17-15.29.02:071][  0]LogContentBrowser: Native class hierarchy updated for 'SceneOutliner' in 0.0037 seconds. Added 1 classes and 2 folders.
[2015.11.17-15.29.02:179][  0]LogCrashTracker: Crashtracker disabled due to settings.
[2015.11.17-15.29.02:187][  0]LogUObjectGlobals:Warning: Failed to find object 'Class None.'
[2015.11.17-15.29.02:212][  0]LogLoad: Full Startup: 41.89 seconds (BP compile: 0.08 seconds)
[2015.11.17-15.29.02:329][  0]LogContentStreaming: Texture pool size now 1000 MB
[2015.11.17-15.29.02:564][  0]LogRenderer: Reallocating scene render targets to support 852x372 (Frame:2).
[2015.11.17-15.29.04:155][  6]LogAssetRegistry: Asset discovery search completed in 5.4883 seconds
[2015.11.17-15.29.04:155][  6]LogCollectionManager: Rebuilt the object cache for 0 collections in 0.000001 seconds (found 0 objects)
[2015.11.17-15.29.04:155][  6]LogCollectionManager: Fixed up redirectors for 0 collections in 0.000052 seconds (updated 0 objects)
[2015.11.17-15.34.34:340][ 29]LogHotReload: New module detected: UE4Editor-PoKeIt-9178.dll
[2015.11.17-15.34.35:680][ 34]LogHotReload: Starting Hot-Reload from IDE
[2015.11.17-15.34.35:775][ 34]LogClass: Could not find existing class PlayerP in package /Script/PoKeIt for HotReload, assuming new class
[2015.11.17-15.34.35:780][ 34]LogContentBrowser: Native class hierarchy updated for 'PoKeIt' in 0.0026 seconds. Added 3 classes and 2 folders.
[2015.11.17-15.34.35:782][ 34]Warning: HotReload successful (2 functions remapped  0 scriptstructs remapped)
[2015.11.17-15.34.35:881][ 34]LogContentBrowser: Native class hierarchy populated in 0.0164 seconds. Added 1871 classes and 337 folders.
[2015.11.17-15.45.38:328][ 56]LogVSAccessor:Warning: Couldn't save all documents
[2015.11.17-15.45.38:341][ 56]Recompiling PoKeIt...
[2015.11.17-15.45.38:344][ 56]Launching UnrealBuildTool... [C:/Program Files/Unreal/Epic Games/4.9/Engine/Binaries/DotNET/UnrealBuildTool.exe PoKeIt -ModuleWithSuffix PoKeIt 9961 Win64 Development -editorrecompile -canskiplink "C:/GitHub/PoKeIt/PoKeIt/PoKeIt.uproject" -rocket  -rocket]
[2015.11.17-15.45.38:346][ 56]Warning: Starting HotReload took  0.2s.
[2015.11.17-15.46.03:257][526]CompilerResultsLog: New page: Compilation - Nov 17, 2015, 5:46:03 PM
[2015.11.17-15.46.03:258][526]CompilerResultsLog: Info Compiling game modules for hot reload
[2015.11.17-15.46.03:258][526]CompilerResultsLog: Info Parsing headers for PoKeItEditor
[2015.11.17-15.46.03:258][526]CompilerResultsLog: Info   Running UnrealHeaderTool "C:/GitHub/PoKeIt/PoKeIt/PoKeIt.uproject" "C:\GitHub\PoKeIt\PoKeIt\Intermediate\Build\Win64\PoKeItEditor\Development\UnrealHeaderTool.manifest" -LogCmds="loginit warning, logexit warning, logdatabase error" -rocket -installed
[2015.11.17-15.46.03:258][526]CompilerResultsLog:Error: Error C:/GitHub/PoKeIt/PoKeIt/Source/PoKeIt/PlayerControllerP.h(33)  : Unrecognized type 'createPlayers' - type must be a UCLASS, USTRUCT or UENUM
[2015.11.17-15.46.03:258][526]CompilerResultsLog:Error: Error Error: Failed to generate code for PoKeItEditor - error code: OtherCompilationError (5) 
[2015.11.17-15.46.03:259][526]CompilerResultsLog: Info UnrealHeaderTool failed for target 'PoKeItEditor' (platform: Win64, module info: C:\GitHub\PoKeIt\PoKeIt\Intermediate\Build\Win64\PoKeItEditor\Development\UnrealHeaderTool.manifest).
[2015.11.17-15.46.03:259][526]LogMainFrame: MainFrame: Module compiling took 24.927 seconds
[2015.11.17-15.46.03:259][526]Warning: HotReload failed, recompile failed
[2015.11.17-15.47.05:302][479]Recompiling PoKeIt...
[2015.11.17-15.47.05:302][479]Launching UnrealBuildTool... [C:/Program Files/Unreal/Epic Games/4.9/Engine/Binaries/DotNET/UnrealBuildTool.exe PoKeIt -ModuleWithSuffix PoKeIt 5764 Win64 Development -editorrecompile -canskiplink "C:/GitHub/PoKeIt/PoKeIt/PoKeIt.uproject" -rocket  -rocket]
[2015.11.17-15.47.05:305][479]Warning: Starting HotReload took  0.0s.
[2015.11.17-15.47.35:506][  3]CompilerResultsLog: New page: Compilation - Nov 17, 2015, 5:47:35 PM
[2015.11.17-15.47.35:507][  3]CompilerResultsLog: Info Compiling game modules for hot reload
[2015.11.17-15.47.35:507][  3]CompilerResultsLog: Info Parsing headers for PoKeItEditor
[2015.11.17-15.47.35:507][  3]CompilerResultsLog: Info   Running UnrealHeaderTool "C:/GitHub/PoKeIt/PoKeIt/PoKeIt.uproject" "C:\GitHub\PoKeIt\PoKeIt\Intermediate\Build\Win64\PoKeItEditor\Development\UnrealHeaderTool.manifest" -LogCmds="loginit warning, logexit warning, logdatabase error" -rocket -installed
[2015.11.17-15.47.35:507][  3]CompilerResultsLog:Error: Error C:/GitHub/PoKeIt/PoKeIt/Source/PoKeIt/PlayerControllerP.h(33)  : Unrecognized type 'int' - type must be a UCLASS, USTRUCT or UENUM
[2015.11.17-15.47.35:507][  3]CompilerResultsLog:Error: Error Error: Failed to generate code for PoKeItEditor - error code: OtherCompilationError (5) 
[2015.11.17-15.47.35:507][  3]CompilerResultsLog: Info UnrealHeaderTool failed for target 'PoKeItEditor' (platform: Win64, module info: C:\GitHub\PoKeIt\PoKeIt\Intermediate\Build\Win64\PoKeItEditor\Development\UnrealHeaderTool.manifest).
[2015.11.17-15.47.35:507][  3]LogMainFrame: MainFrame: Module compiling took 30.210 seconds
[2015.11.17-15.47.35:507][  3]Warning: HotReload failed, recompile failed
[2015.11.17-15.50.47:265][611]Recompiling PoKeIt...
[2015.11.17-15.50.47:265][611]Launching UnrealBuildTool... [C:/Program Files/Unreal/Epic Games/4.9/Engine/Binaries/DotNET/UnrealBuildTool.exe PoKeIt -ModuleWithSuffix PoKeIt 9375 Win64 Development -editorrecompile -canskiplink "C:/GitHub/PoKeIt/PoKeIt/PoKeIt.uproject" -rocket  -rocket]
[2015.11.17-15.50.47:268][611]Warning: Starting HotReload took  0.0s.
[2015.11.17-15.51.14:766][313]CompilerResultsLog: New page: Compilation - Nov 17, 2015, 5:51:14 PM
[2015.11.17-15.51.14:766][313]CompilerResultsLog: Info Compiling game modules for hot reload
[2015.11.17-15.51.14:766][313]CompilerResultsLog: Info Parsing headers for PoKeItEditor
[2015.11.17-15.51.14:766][313]CompilerResultsLog: Info   Running UnrealHeaderTool "C:/GitHub/PoKeIt/PoKeIt/PoKeIt.uproject" "C:\GitHub\PoKeIt\PoKeIt\Intermediate\Build\Win64\PoKeItEditor\Development\UnrealHeaderTool.manifest" -LogCmds="loginit warning, logexit warning, logdatabase error" -rocket -installed
[2015.11.17-15.51.14:766][313]CompilerResultsLog:Error: Error C:/GitHub/PoKeIt/PoKeIt/Source/PoKeIt/PlayerControllerP.h(37)  : Unrecognized type 'int' - type must be a UCLASS, USTRUCT or UENUM
[2015.11.17-15.51.14:766][313]CompilerResultsLog:Error: Error Error: Failed to generate code for PoKeItEditor - error code: OtherCompilationError (5) 
[2015.11.17-15.51.14:766][313]CompilerResultsLog: Info UnrealHeaderTool failed for target 'PoKeItEditor' (platform: Win64, module info: C:\GitHub\PoKeIt\PoKeIt\Intermediate\Build\Win64\PoKeItEditor\Development\UnrealHeaderTool.manifest).
[2015.11.17-15.51.14:766][313]LogMainFrame: MainFrame: Module compiling took 27.506 seconds
[2015.11.17-15.51.14:767][313]Warning: HotReload failed, recompile failed
[2015.11.17-15.52.31:702][395]Recompiling PoKeIt...
[2015.11.17-15.52.31:703][395]Launching UnrealBuildTool... [C:/Program Files/Unreal/Epic Games/4.9/Engine/Binaries/DotNET/UnrealBuildTool.exe PoKeIt -ModuleWithSuffix PoKeIt 5370 Win64 Development -editorrecompile -canskiplink "C:/GitHub/PoKeIt/PoKeIt/PoKeIt.uproject" -rocket  -rocket]
[2015.11.17-15.52.31:705][395]Warning: Starting HotReload took  0.0s.
[2015.11.17-15.52.55:926][832]CompilerResultsLog: New page: Compilation - Nov 17, 2015, 5:52:55 PM
[2015.11.17-15.52.55:927][832]CompilerResultsLog: Info Compiling game modules for hot reload
[2015.11.17-15.52.55:927][832]CompilerResultsLog: Info Parsing headers for PoKeItEditor
[2015.11.17-15.52.55:927][832]CompilerResultsLog: Info   Running UnrealHeaderTool "C:/GitHub/PoKeIt/PoKeIt/PoKeIt.uproject" "C:\GitHub\PoKeIt\PoKeIt\Intermediate\Build\Win64\PoKeItEditor\Development\UnrealHeaderTool.manifest" -LogCmds="loginit warning, logexit warning, logdatabase error" -rocket -installed
[2015.11.17-15.52.55:927][832]CompilerResultsLog:Error: Error C:/GitHub/PoKeIt/PoKeIt/Source/PoKeIt/PlayerControllerP.h(38)  : Unrecognized type 'int' - type must be a UCLASS, USTRUCT or UENUM
[2015.11.17-15.52.55:927][832]CompilerResultsLog:Error: Error Error: Failed to generate code for PoKeItEditor - error code: OtherCompilationError (5) 
[2015.11.17-15.52.55:927][832]CompilerResultsLog: Info UnrealHeaderTool failed for target 'PoKeItEditor' (platform: Win64, module info: C:\GitHub\PoKeIt\PoKeIt\Intermediate\Build\Win64\PoKeItEditor\Development\UnrealHeaderTool.manifest).
[2015.11.17-15.52.55:927][832]LogMainFrame: MainFrame: Module compiling took 24.229 seconds
[2015.11.17-15.52.55:927][832]Warning: HotReload failed, recompile failed
[2015.11.17-15.53.48:370][600]LogVSAccessor:Warning: Couldn't goto line number '0' in 'C:/GitHub/PoKeIt/PoKeIt/Source/PoKeIt/PlayerControllerP.h'
[2015.11.17-15.53.49:018][600]LogVSAccessor:Warning: Couldn't goto line number '0' in 'C:/GitHub/PoKeIt/PoKeIt/Source/PoKeIt/PlayerControllerP.cpp'
[2015.11.17-15.54.41:427][893]Recompiling PoKeIt...
[2015.11.17-15.54.41:427][893]Launching UnrealBuildTool... [C:/Program Files/Unreal/Epic Games/4.9/Engine/Binaries/DotNET/UnrealBuildTool.exe PoKeIt -ModuleWithSuffix PoKeIt 2372 Win64 Development -editorrecompile -canskiplink "C:/GitHub/PoKeIt/PoKeIt/PoKeIt.uproject" -rocket  -rocket]
[2015.11.17-15.54.41:430][893]Warning: Starting HotReload took  0.0s.
[2015.11.17-15.55.04:146][138]CompilerResultsLog: New page: Compilation - Nov 17, 2015, 5:55:04 PM
[2015.11.17-15.55.04:147][138]CompilerResultsLog: Info Compiling game modules for hot reload
[2015.11.17-15.55.04:147][138]CompilerResultsLog: Info Parsing headers for PoKeItEditor
[2015.11.17-15.55.04:147][138]CompilerResultsLog: Info   Running UnrealHeaderTool "C:/GitHub/PoKeIt/PoKeIt/PoKeIt.uproject" "C:\GitHub\PoKeIt\PoKeIt\Intermediate\Build\Win64\PoKeItEditor\Development\UnrealHeaderTool.manifest" -LogCmds="loginit warning, logexit warning, logdatabase error" -rocket -installed
[2015.11.17-15.55.04:147][138]CompilerResultsLog:Error: Error C:/GitHub/PoKeIt/PoKeIt/Source/PoKeIt/PlayerControllerP.h(38)  : Unrecognized type 'int' - type must be a UCLASS, USTRUCT or UENUM
[2015.11.17-15.55.04:147][138]CompilerResultsLog:Error: Error Error: Failed to generate code for PoKeItEditor - error code: OtherCompilationError (5) 
[2015.11.17-15.55.04:147][138]CompilerResultsLog: Info UnrealHeaderTool failed for target 'PoKeItEditor' (platform: Win64, module info: C:\GitHub\PoKeIt\PoKeIt\Intermediate\Build\Win64\PoKeItEditor\Development\UnrealHeaderTool.manifest).
[2015.11.17-15.55.04:147][138]LogMainFrame: MainFrame: Module compiling took 22.724 seconds
[2015.11.17-15.55.04:147][138]Warning: HotReload failed, recompile failed
[2015.11.17-15.55.11:299][561]LogVSAccessor:Warning: Couldn't access Visual Studio
[2015.11.17-15.55.11:308][561]LogVSAccessor:Warning: Couldn't access module table
[2015.11.17-15.55.11:309][561]LogVSAccessor:Warning: Couldn't access module table
[2015.11.17-15.55.11:309][561]LogVSAccessor:Warning: Couldn't access module table
[2015.11.17-15.55.11:309][561]LogVSAccessor:Warning: Couldn't access module table
[2015.11.17-15.55.11:309][561]LogVSAccessor:Warning: Couldn't access module table
[2015.11.17-15.55.11:309][561]LogVSAccessor:Warning: Couldn't access module table
[2015.11.17-15.55.11:309][561]LogVSAccessor:Warning: Couldn't access module table
[2015.11.17-15.55.11:309][561]LogVSAccessor:Warning: Couldn't access module table
[2015.11.17-15.55.11:309][561]LogVSAccessor:Warning: Couldn't access module table
[2015.11.17-15.55.11:309][561]LogVSAccessor:Warning: Couldn't access module table
[2015.11.17-15.55.11:310][561]LogVSAccessor:Warning: Couldn't access module table
[2015.11.17-15.55.11:310][561]LogVSAccessor:Warning: Couldn't access module table
[2015.11.17-15.55.11:310][561]LogVSAccessor:Warning: Couldn't access module table
[2015.11.17-15.55.11:310][561]LogVSAccessor:Warning: Couldn't access module table
[2015.11.17-15.55.11:310][561]LogVSAccessor:Warning: Couldn't access module table
[2015.11.17-15.55.11:310][561]LogVSAccessor:Warning: Couldn't access module table
[2015.11.17-15.55.11:310][561]LogVSAccessor:Warning: Couldn't access module table
[2015.11.17-15.55.11:310][561]LogVSAccessor:Warning: Couldn't access module table
[2015.11.17-15.55.11:311][561]LogVSAccessor:Warning: Couldn't access module table
[2015.11.17-15.55.11:311][561]LogVSAccessor:Warning: Couldn't access module table
[2015.11.17-15.55.11:311][561]LogVSAccessor:Warning: Couldn't access module table
[2015.11.17-15.55.11:311][561]LogVSAccessor:Warning: Couldn't access module table
[2015.11.17-15.55.11:311][561]LogVSAccessor:Warning: Couldn't access module table
[2015.11.17-15.55.11:311][561]LogVSAccessor:Warning: Couldn't access module table
[2015.11.17-15.55.11:311][561]LogVSAccessor:Warning: Couldn't access module table
[2015.11.17-15.55.11:311][561]LogVSAccessor:Warning: Couldn't access module table
[2015.11.17-15.55.11:312][561]LogVSAccessor:Warning: Couldn't access module table
[2015.11.17-15.55.11:312][561]LogVSAccessor:Warning: Couldn't access module table
[2015.11.17-15.55.11:312][561]LogVSAccessor:Warning: Couldn't access module table
[2015.11.17-15.55.11:312][561]LogVSAccessor:Warning: Couldn't access module table
[2015.11.17-15.55.11:312][561]LogVSAccessor:Warning: Couldn't access module table
[2015.11.17-15.55.11:312][561]LogVSAccessor:Warning: Couldn't access module table
[2015.11.17-15.55.11:312][561]LogVSAccessor:Warning: Couldn't access module table
[2015.11.17-15.55.11:312][561]LogVSAccessor:Warning: Couldn't access module table
[2015.11.17-15.55.11:313][561]LogVSAccessor:Warning: Couldn't access module table
[2015.11.17-15.55.11:313][561]LogVSAccessor:Warning: Couldn't access module table
[2015.11.17-15.55.11:313][561]LogVSAccessor:Warning: Couldn't access module table
[2015.11.17-15.55.11:313][561]LogVSAccessor:Warning: Couldn't access module table
[2015.11.17-15.55.11:313][561]LogVSAccessor:Warning: Couldn't access module table
[2015.11.17-15.55.11:313][561]LogVSAccessor:Warning: Couldn't access module table
[2015.11.17-15.55.11:313][561]LogVSAccessor:Warning: Couldn't access module table
[2015.11.17-15.55.11:314][561]LogVSAccessor:Warning: Couldn't access module table
[2015.11.17-15.55.11:314][561]LogVSAccessor:Warning: Couldn't access module table
[2015.11.17-15.55.11:314][561]LogVSAccessor:Warning: Couldn't access module table
[2015.11.17-15.55.11:314][561]LogVSAccessor:Warning: Couldn't access module table
[2015.11.17-15.55.11:314][561]LogVSAccessor:Warning: Couldn't access module table
[2015.11.17-15.55.11:314][561]LogVSAccessor:Warning: Couldn't access module table
[2015.11.17-15.55.11:314][561]LogVSAccessor:Warning: Couldn't access module table
[2015.11.17-15.55.11:315][561]LogVSAccessor:Warning: Couldn't access module table
[2015.11.17-15.55.11:315][561]LogVSAccessor:Warning: Couldn't access module table
[2015.11.17-15.55.11:318][561]LogVSAccessor:Warning: Couldn't access module table
[2015.11.17-15.55.11:319][561]LogVSAccessor:Warning: Couldn't access module table
[2015.11.17-15.55.11:319][561]LogVSAccessor:Warning: Couldn't access module table
[2015.11.17-15.55.11:319][561]LogVSAccessor:Warning: Couldn't access module table
[2015.11.17-15.55.11:333][561]LogVSAccessor:Warning: Couldn't access module table
[2015.11.17-15.55.11:333][561]LogVSAccessor:Warning: Couldn't access module table
[2015.11.17-15.55.11:345][561]LogVSAccessor:Warning: Couldn't access module table
[2015.11.17-15.55.54:401][944]Recompiling PoKeIt...
[2015.11.17-15.55.54:401][944]Launching UnrealBuildTool... [C:/Program Files/Unreal/Epic Games/4.9/Engine/Binaries/DotNET/UnrealBuildTool.exe PoKeIt -ModuleWithSuffix PoKeIt 9592 Win64 Development -editorrecompile -canskiplink "C:/GitHub/PoKeIt/PoKeIt/PoKeIt.uproject" -rocket  -rocket]
[2015.11.17-15.55.54:403][944]Warning: Starting HotReload took  0.0s.
[2015.11.17-15.56.29:163][633]CompilerResultsLog: New page: Compilation - Nov 17, 2015, 5:56:29 PM
[2015.11.17-15.56.29:165][633]CompilerResultsLog: Info Compiling game modules for hot reload
[2015.11.17-15.56.29:165][633]CompilerResultsLog: Info Parsing headers for PoKeItEditor
[2015.11.17-15.56.29:165][633]CompilerResultsLog: Info   Running UnrealHeaderTool "C:/GitHub/PoKeIt/PoKeIt/PoKeIt.uproject" "C:\GitHub\PoKeIt\PoKeIt\Intermediate\Build\Win64\PoKeItEditor\Development\UnrealHeaderTool.manifest" -LogCmds="loginit warning, logexit warning, logdatabase error" -rocket -installed
[2015.11.17-15.56.29:166][633]CompilerResultsLog: Info Reflection code generated for PoKeItEditor in 26,8851662 seconds
[2015.11.17-15.56.29:166][633]CompilerResultsLog: Info Performing 4 actions (2 in parallel)
[2015.11.17-15.56.29:166][633]CompilerResultsLog: Info PlayerP.cpp
[2015.11.17-15.56.29:166][633]CompilerResultsLog: Info PlayerControllerP.cpp
[2015.11.17-15.56.29:166][633]CompilerResultsLog:Error: Error c:\github\pokeit\pokeit\source\pokeit\PlayerControllerP.h(27)  : error C2146: Syntaxfehler: Fehlendes ';' vor Bezeichner 'players'
[2015.11.17-15.56.29:166][633]CompilerResultsLog:Error: Error c:\github\pokeit\pokeit\source\pokeit\PlayerControllerP.h(27)  : error C4430: Fehlender Typspezifizierer - int wird angenommen. Hinweis: "default-int" wird von C++ nicht unterst?tzt.
[2015.11.17-15.56.29:166][633]CompilerResultsLog: Info PoKeIt.generated.cpp
[2015.11.17-15.56.29:166][633]CompilerResultsLog:Error: Error C:\GitHub\PoKeIt\PoKeIt\Source\PoKeIt\PlayerControllerP.cpp(37)  : error C2065: 'players': nichtdeklarierter Bezeichner
[2015.11.17-15.56.29:166][633]CompilerResultsLog:Error: Error C:\GitHub\PoKeIt\PoKeIt\Source\PoKeIt\PlayerControllerP.h(27)  : error C2146: Syntaxfehler: Fehlendes ';' vor Bezeichner 'players'C:\GitHub\PoKeIt\PoKeIt\Source\PoKeIt\PlayerControllerP.cpp(37) : error C2228: Links von ".get" muss sich eine Klasse/Struktur/Union befinden.
[2015.11.17-15.56.29:166][633]CompilerResultsLog: Info 
[2015.11.17-15.56.29:166][633]CompilerResultsLog:Error: Error C:\GitHub\PoKeIt\PoKeIt\Source\PoKeIt\PlayerControllerP.h(27)  : error C4430: Fehlender Typspezifizierer - int wird angenommen. Hinweis: "default-int" wird von C++ nicht unterst?tzt.
[2015.11.17-15.56.29:166][633]CompilerResultsLog: Info         Typ ist 'unknown-type'
[2015.11.17-15.56.29:167][633]CompilerResultsLog:Error: Error C:\GitHub\PoKeIt\PoKeIt\Source\PoKeIt\PlayerControllerP.cpp(37)  : error C2061: Syntaxfehler: Bezeichner 'PlayerP'
[2015.11.17-15.56.29:167][633]CompilerResultsLog: Info -------- End Detailed Actions Stats -----------------------------------------------------------
[2015.11.17-15.56.29:167][633]CompilerResultsLog: Info ERROR: UBT ERROR: Failed to produce item: C:\GitHub\PoKeIt\PoKeIt\Binaries\Win64\UE4Editor-PoKeIt-9592.dll
[2015.11.17-15.56.29:167][633]CompilerResultsLog: Info Total build time: 34,59 seconds
[2015.11.17-15.56.29:167][633]LogMainFrame: MainFrame: Module compiling took 34.770 seconds
[2015.11.17-15.56.29:167][633]Warning: HotReload failed, recompile failed
[2015.11.17-15.59.26:082][498]Recompiling PoKeIt...
[2015.11.17-15.59.26:082][498]Launching UnrealBuildTool... [C:/Program Files/Unreal/Epic Games/4.9/Engine/Binaries/DotNET/UnrealBuildTool.exe PoKeIt -ModuleWithSuffix PoKeIt 8566 Win64 Development -editorrecompile -canskiplink "C:/GitHub/PoKeIt/PoKeIt/PoKeIt.uproject" -rocket  -rocket]
[2015.11.17-15.59.26:085][498]Warning: Starting HotReload took  0.0s.
[2015.11.17-15.59.58:298][524]CompilerResultsLog: New page: Compilation - Nov 17, 2015, 5:59:58 PM
[2015.11.17-15.59.58:299][524]CompilerResultsLog: Info Compiling game modules for hot reload
[2015.11.17-15.59.58:299][524]CompilerResultsLog: Info Parsing headers for PoKeItEditor
[2015.11.17-15.59.58:299][524]CompilerResultsLog: Info   Running UnrealHeaderTool "C:/GitHub/PoKeIt/PoKeIt/PoKeIt.uproject" "C:\GitHub\PoKeIt\PoKeIt\Intermediate\Build\Win64\PoKeItEditor\Development\UnrealHeaderTool.manifest" -LogCmds="loginit warning, logexit warning, logdatabase error" -rocket -installed
[2015.11.17-15.59.58:299][524]CompilerResultsLog: Info Reflection code generated for PoKeItEditor in 26,7470173 seconds
[2015.11.17-15.59.58:299][524]CompilerResultsLog: Info Performing 3 actions (2 in parallel)
[2015.11.17-15.59.58:299][524]CompilerResultsLog: Info PoKeIt.generated.cpp
[2015.11.17-15.59.58:299][524]CompilerResultsLog: Info PlayerControllerP.cpp
[2015.11.17-15.59.58:299][524]CompilerResultsLog:Error: Error c:\github\pokeit\pokeit\source\pokeit\PlayerControllerP.h(30)  : error C2148: Gesamtgr??e des Arrays darf 0x7fffffff Bytes nicht ?bersteigen.
[2015.11.17-15.59.58:299][524]CompilerResultsLog:Error: Error c:\github\pokeit\pokeit\source\pokeit\PlayerControllerP.h(30)  : error C2079: 'APlayerControllerP::players' verwendet undefiniertes class 'PlayerP'
[2015.11.17-15.59.58:299][524]CompilerResultsLog:Error: Error C:\GitHub\PoKeIt\PoKeIt\Source\PoKeIt\PlayerControllerP.h(30)  : error C2148: Gesamtgr??e des Arrays darf 0x7fffffff Bytes nicht ?bersteigen.
[2015.11.17-15.59.58:299][524]CompilerResultsLog:Error: Error C:\GitHub\PoKeIt\PoKeIt\Source\PoKeIt\PlayerControllerP.h(30)  : error C2079: 'APlayerControllerP::players' verwendet undefiniertes class 'PlayerP'
[2015.11.17-15.59.58:300][524]CompilerResultsLog:Error: Error C:\GitHub\PoKeIt\PoKeIt\Source\PoKeIt\PlayerControllerP.cpp(20)  : error C2512: 'PlayerP': Kein geeigneter Standardkonstruktor verf?gbar
[2015.11.17-15.59.58:300][524]CompilerResultsLog:Error: Error C:\GitHub\PoKeIt\PoKeIt\Source\PoKeIt\PlayerControllerP.cpp(37)  : error C2228: Links von ".get" muss sich eine Klasse/Struktur/Union befinden.
[2015.11.17-15.59.58:300][524]CompilerResultsLog: Info         Typ ist 'PlayerP [8]'
[2015.11.17-15.59.58:300][524]CompilerResultsLog:Error: Error C:\GitHub\PoKeIt\PoKeIt\Source\PoKeIt\PlayerControllerP.cpp(37)  : error C2512: 'PlayerP': Kein geeigneter Standardkonstruktor verf?gbar
[2015.11.17-15.59.58:300][524]CompilerResultsLog:Error: Error C:\GitHub\PoKeIt\PoKeIt\Intermediate\Build\Win64\UE4Editor\Inc\PoKeIt\PoKeIt.generated.cpp(129)  : error C2512: 'PlayerP': Kein geeigneter Standardkonstruktor verf?gbar
[2015.11.17-15.59.58:300][524]CompilerResultsLog: Info -------- End Detailed Actions Stats -----------------------------------------------------------
[2015.11.17-15.59.58:300][524]CompilerResultsLog: Info ERROR: UBT ERROR: Failed to produce item: C:\GitHub\PoKeIt\PoKeIt\Binaries\Win64\UE4Editor-PoKeIt-8566.dll
[2015.11.17-15.59.58:300][524]CompilerResultsLog: Info Total build time: 31,97 seconds
[2015.11.17-15.59.58:300][524]LogMainFrame: MainFrame: Module compiling took 32.223 seconds
[2015.11.17-15.59.58:300][524]Warning: HotReload failed, recompile failed
[2015.11.17-16.05.51:880][926]LogVSAccessor:Warning: Couldn't access Visual Studio
[2015.11.17-16.05.51:885][926]Recompiling PoKeIt...
[2015.11.17-16.05.51:885][926]Launching UnrealBuildTool... [C:/Program Files/Unreal/Epic Games/4.9/Engine/Binaries/DotNET/UnrealBuildTool.exe PoKeIt -ModuleWithSuffix PoKeIt 9737 Win64 Development -editorrecompile -canskiplink "C:/GitHub/PoKeIt/PoKeIt/PoKeIt.uproject" -rocket  -rocket]
[2015.11.17-16.05.51:887][926]Warning: Starting HotReload took  0.0s.
[2015.11.17-16.06.19:358][563]CompilerResultsLog: New page: Compilation - Nov 17, 2015, 6:06:19 PM
[2015.11.17-16.06.19:358][563]CompilerResultsLog: Info Compiling game modules for hot reload
[2015.11.17-16.06.19:358][563]CompilerResultsLog: Info Parsing headers for PoKeItEditor
[2015.11.17-16.06.19:358][563]CompilerResultsLog: Info   Running UnrealHeaderTool "C:/GitHub/PoKeIt/PoKeIt/PoKeIt.uproject" "C:\GitHub\PoKeIt\PoKeIt\Intermediate\Build\Win64\PoKeItEditor\Development\UnrealHeaderTool.manifest" -LogCmds="loginit warning, logexit warning, logdatabase error" -rocket -installed
[2015.11.17-16.06.19:358][563]CompilerResultsLog: Info Reflection code generated for PoKeItEditor in 20,5008046 seconds
[2015.11.17-16.06.19:358][563]CompilerResultsLog: Info Performing 3 actions (2 in parallel)
[2015.11.17-16.06.19:358][563]CompilerResultsLog: Info PlayerControllerP.cpp
[2015.11.17-16.06.19:358][563]CompilerResultsLog: Info PoKeIt.generated.cpp
[2015.11.17-16.06.19:358][563]CompilerResultsLog: Info [3/3] Link UE4Editor-PoKeIt-9737.dll
[2015.11.17-16.06.19:358][563]CompilerResultsLog: Info    Bibliothek "C:\GitHub\PoKeIt\PoKeIt\Intermediate/Build/Win64\UE4Editor\Development\UE4Editor-PoKeIt-9737.lib" und Objekt "C:\GitHub\PoKeIt\PoKeIt\Intermediate/Build/Win64\UE4Editor\Development\UE4Editor-PoKeIt-9737.exp" werden erstellt.
[2015.11.17-16.06.19:358][563]CompilerResultsLog: Info -------- End Detailed Actions Stats -----------------------------------------------------------
[2015.11.17-16.06.19:358][563]CompilerResultsLog: Info Total build time: 27,37 seconds
[2015.11.17-16.06.19:358][563]LogMainFrame: MainFrame: Module compiling took 27.478 seconds
[2015.11.17-16.06.19:501][563]LogClass: Could not find existing class PlayerControllerP in package /Script/PoKeIt for HotReload, assuming new class
[2015.11.17-16.06.19:501][563]LogClass: Function increaseChips is new.
[2015.11.17-16.06.19:505][563]LogHotReload: Re-instancing PlayerP after hot-reload.
[2015.11.17-16.06.19:557][563]LogHotReload: Re-instancing PlayerControllerP after hot-reload.
[2015.11.17-16.06.19:591][563]LogContentBrowser: Native class hierarchy updated for 'PoKeIt' in 0.0027 seconds. Added 3 classes and 2 folders.
[2015.11.17-16.06.19:593][563]Warning: HotReload successful (1 functions remapped  0 scriptstructs remapped)
[2015.11.17-16.06.19:689][563]LogContentBrowser: Native class hierarchy populated in 0.0163 seconds. Added 1871 classes and 337 folders.
[2015.11.17-16.06.24:649][854]LogBlueprintUserMessages: Early PlayInEditor Detection: Level '/Game/StarterContent/Maps/Minimal_Default.Minimal_Default:PersistentLevel' has LevelScriptBlueprint '/Game/StarterContent/Maps/Minimal_Default.Minimal_Default:PersistentLevel.Minimal_Default' with GeneratedClass '/Game/StarterContent/Maps/Minimal_Default.Minimal_Default_C' with ClassGeneratedBy '/Game/StarterContent/Maps/Minimal_Default.Minimal_Default:PersistentLevel.Minimal_Default'
[2015.11.17-16.06.24:649][854]LogPlayLevel: PlayLevel: No blueprints needed recompiling
[2015.11.17-16.06.24:649][854]PIE: New page: PIE session: Minimal_Default (Nov 17, 2015, 6:06:24 PM)
[2015.11.17-16.06.24:650][854]LogPlayLevel: Creating play world package: /Game/StarterContent/Maps/UEDPIE_0_Minimal_Default
[2015.11.17-16.06.24:671][854]LogPlayLevel: PIE: StaticDuplicateObject took: (0.021611s)
[2015.11.17-16.06.24:675][854]LogAIModule: Creating AISystem for world Minimal_Default
[2015.11.17-16.06.24:675][854]LogPlayLevel: PIE: World Init took: (0.003705s)
[2015.11.17-16.06.24:676][854]LogPlayLevel: PIE: Created PIE world by copying editor world from /Game/StarterContent/Maps/Minimal_Default.Minimal_Default to /Game/StarterContent/Maps/UEDPIE_0_Minimal_Default.Minimal_Default (0.025979s)
[2015.11.17-16.06.24:711][854]LogInit: XAudio2 using 'Lautsprecher (Conexant SmartAudio HD)' : 2 channels at 48 kHz using 32 bits per sample (channel mask 0x3)
[2015.11.17-16.06.24:731][854]LogInit: FAudioDevice initialized.
[2015.11.17-16.06.25:038][854]LogWorld: Game class is 'GameMode_C'
[2015.11.17-16.06.25:047][854]LogWorld: Bringing World /Game/StarterContent/Maps/UEDPIE_0_Minimal_Default.Minimal_Default up for play (max tick rate 60) at 2015.11.17-17.06.25
[2015.11.17-16.06.25:047][854]LogActor:Warning: GameSession /Game/StarterContent/Maps/UEDPIE_0_Minimal_Default.Minimal_Default:PersistentLevel.GameSession_0 has natively added scene component(s), but none of them were set as the actor's RootComponent - picking one arbitrarily
[2015.11.17-16.06.25:048][854]LogActor:Warning: GameNetworkManager /Game/StarterContent/Maps/UEDPIE_0_Minimal_Default.Minimal_Default:PersistentLevel.GameNetworkManager_0 has natively added scene component(s), but none of them were set as the actor's RootComponent - picking one arbitrarily
[2015.11.17-16.06.25:048][854]LogWorld: Bringing up level for play took: 0.007951
[2015.11.17-16.06.25:054][854]LogActor:Warning: GameNetworkManager /Game/StarterContent/Maps/UEDPIE_0_Minimal_Default.Minimal_Default:PersistentLevel.GameNetworkManager_1 has natively added scene component(s), but none of them were set as the actor's RootComponent - picking one arbitrarily
[2015.11.17-16.06.25:054][854]Cmd: stat FPS
[2015.11.17-16.06.25:078][854]PIE: Info Play in editor start time for /Game/StarterContent/Maps/UEDPIE_0_Minimal_Default 0.038
[2015.11.17-16.06.25:079][854]LogBlueprintUserMessages: Late PlayInEditor Detection: Level '/Game/StarterContent/Maps/Minimal_Default.Minimal_Default:PersistentLevel' has LevelScriptBlueprint '/Game/StarterContent/Maps/Minimal_Default.Minimal_Default:PersistentLevel.Minimal_Default' with GeneratedClass '/Game/StarterContent/Maps/Minimal_Default.Minimal_Default_C' with ClassGeneratedBy '/Game/StarterContent/Maps/Minimal_Default.Minimal_Default:PersistentLevel.Minimal_Default'
[2015.11.17-16.06.25:279][855]LogRenderer: Reallocating scene render targets to support 1280x720 (Frame:6).
[2015.11.17-16.06.28:572][896]LogBlueprintUserMessages: [HUDwidget_C_0] 2337
[2015.11.17-16.06.29:693][912]LogBlueprintUserMessages: [HUDwidget_C_0] 3337
[2015.11.17-16.06.30:185][919]LogBlueprintUserMessages: [HUDwidget_C_0] 4337
[2015.11.17-16.06.30:325][921]LogBlueprintUserMessages: [HUDwidget_C_0] 5337
[2015.11.17-16.06.30:470][923]LogBlueprintUserMessages: [HUDwidget_C_0] 6337
[2015.11.17-16.06.30:610][925]LogBlueprintUserMessages: [HUDwidget_C_0] 7337
[2015.11.17-16.06.31:400][935]LogBlueprintUserMessages: Early EndPlayMap Detection: Level '/Game/StarterContent/Maps/Minimal_Default.Minimal_Default:PersistentLevel' has LevelScriptBlueprint '/Game/StarterContent/Maps/Minimal_Default.Minimal_Default:PersistentLevel.Minimal_Default' with GeneratedClass '/Game/StarterContent/Maps/Minimal_Default.Minimal_Default_C' with ClassGeneratedBy '/Game/StarterContent/Maps/Minimal_Default.Minimal_Default:PersistentLevel.Minimal_Default'
[2015.11.17-16.06.31:445][935]LogBlueprintUserMessages: Late EndPlayMap Detection: Level '/Game/StarterContent/Maps/Minimal_Default.Minimal_Default:PersistentLevel' has LevelScriptBlueprint '/Game/StarterContent/Maps/Minimal_Default.Minimal_Default:PersistentLevel.Minimal_Default' with GeneratedClass '/Game/StarterContent/Maps/Minimal_Default.Minimal_Default_C' with ClassGeneratedBy '/Game/StarterContent/Maps/Minimal_Default.Minimal_Default:PersistentLevel.Minimal_Default'
[2015.11.17-16.06.31:524][936]LogParticles: Destroying 0 GPU particle simulations for FXSystem 0x000000B226D7D080
[2015.11.17-16.06.49:274][978]LogWindowsTextInputMethodSystem:Display: IME system now deactivated.
[2015.11.17-16.06.49:274][978]LogWindowsTextInputMethodSystem:Display: IME system now deactivated.
[2015.11.17-16.06.49:730][979]Cmd: QUIT_EDITOR
[2015.11.17-16.06.50:557][979]LogExit: Preparing to exit.
[2015.11.17-16.06.51:066][979]LogExit: Editor shut down
[2015.11.17-16.06.51:068][979]LogExit: Transaction tracking system shut down
[2015.11.17-16.06.51:077][979]LogParticles: Destroying 0 GPU particle simulations for FXSystem 0x000000B225FE7100
[2015.11.17-16.06.51:078][979]LogParticles: Destroying 0 GPU particle simulations for FXSystem 0x000000B23F310540
[2015.11.17-16.06.51:335][979]LogParticles: Destroying 0 GPU particle simulations for FXSystem 0x000000B250411D00
[2015.11.17-16.06.51:335][979]LogExit: Object subsystem successfully closed.
[2015.11.17-16.06.51:361][979]LogD3D11RHI: Shutdown
[2015.11.17-16.06.51:361][979]LogD3D11RHI: CleanupD3DDevice
[2015.11.17-16.06.51:515][979]LogD3D11RHI: ~FD3D11DynamicRHI
[2015.11.17-16.06.51:543][979]LogModuleManager: Shutting down and abandoning module CrashTracker (198)
[2015.11.17-16.06.51:543][979]LogModuleManager: Shutting down and abandoning module SceneOutliner (197)
[2015.11.17-16.06.51:543][979]LogModuleManager: Shutting down and abandoning module SuperSearch (196)
[2015.11.17-16.06.51:543][979]LogModuleManager: Shutting down and abandoning module WidgetCarousel (195)
[2015.11.17-16.06.51:543][979]LogModuleManager: Shutting down and abandoning module AddContentDialog (194)
[2015.11.17-16.06.51:553][979]LogModuleManager: Shutting down and abandoning module EditorWidgets (193)
[2015.11.17-16.06.51:554][979]LogModuleManager: Shutting down and abandoning module CollectionManager (192)
[2015.11.17-16.06.51:554][979]LogModuleManager: Shutting down and abandoning module StatsViewer (191)
[2015.11.17-16.06.51:554][979]LogModuleManager: Shutting down and abandoning module FoliageEdit (190)
[2015.11.17-16.06.51:554][979]LogModuleManager: Shutting down and abandoning module LandscapeEditor (189)
[2015.11.17-16.06.51:554][979]LogModuleManager: Shutting down and abandoning module ActorPickerMode (188)
[2015.11.17-16.06.51:554][979]LogModuleManager: Shutting down and abandoning module GeometryMode (187)
[2015.11.17-16.06.51:554][979]LogModuleManager: Shutting down and abandoning module TextureAlignMode (186)
[2015.11.17-16.06.51:554][979]LogModuleManager: Shutting down and abandoning module BspMode (185)
[2015.11.17-16.06.51:554][979]LogModuleManager: Shutting down and abandoning module PlacementMode (184)
[2015.11.17-16.06.51:554][979]LogModuleManager: Shutting down and abandoning module AutomationWorker (183)
[2015.11.17-16.06.51:554][979]LogModuleManager: Shutting down and abandoning module CharacterAI (182)
[2015.11.17-16.06.51:554][979]LogModuleManager: Shutting down and abandoning module SmartSnapping (181)
[2015.11.17-16.06.51:554][979]LogModuleManager: Shutting down and abandoning module ViewportSnapping (180)
[2015.11.17-16.06.51:554][979]LogModuleManager: Shutting down and abandoning module LogVisualizer (179)
[2015.11.17-16.06.51:555][979]LogModuleManager: Shutting down and abandoning module GameProjectGeneration (178)
[2015.11.17-16.06.51:555][979]LogModuleManager: Shutting down and abandoning module IntroTutorials (177)
[2015.11.17-16.06.51:555][979]LogModuleManager: Shutting down and abandoning module EditorLiveStreaming (176)
[2015.11.17-16.06.51:555][979]LogModuleManager: Shutting down and abandoning module IOSPlatformEditor (175)
[2015.11.17-16.06.51:555][979]LogModuleManager: Shutting down and abandoning module HTML5PlatformEditor (174)
[2015.11.17-16.06.51:555][979]LogModuleManager: Shutting down and abandoning module AndroidDeviceDetection (173)
[2015.11.17-16.06.51:817][979]LogModuleManager: Shutting down and abandoning module AndroidPlatformEditor (172)
[2015.11.17-16.06.51:817][979]LogModuleManager: Shutting down and abandoning module IOSRuntimeSettings (171)
[2015.11.17-16.06.51:817][979]LogModuleManager: Shutting down and abandoning module AndroidRuntimeSettings (170)
[2015.11.17-16.06.51:817][979]LogModuleManager: Shutting down and abandoning module MergeActors (169)
[2015.11.17-16.06.51:817][979]LogModuleManager: Shutting down and abandoning module SizeMap (168)
[2015.11.17-16.06.51:818][979]LogModuleManager: Shutting down and abandoning module TreeMap (167)
[2015.11.17-16.06.51:818][979]LogModuleManager: Shutting down and abandoning module ReferenceViewer (166)
[2015.11.17-16.06.51:818][979]LogModuleManager: Shutting down and abandoning module LocalizationService (165)
[2015.11.17-16.06.51:818][979]LogModuleManager: Shutting down and abandoning module LocalizationDashboard (164)
[2015.11.17-16.06.51:818][979]LogModuleManager: Shutting down and abandoning module HardwareTargeting (163)
[2015.11.17-16.06.51:818][979]LogModuleManager: Shutting down and abandoning module DeviceProfileEditor (162)
[2015.11.17-16.06.51:818][979]LogModuleManager: Shutting down and abandoning module UndoHistory (161)
[2015.11.17-16.06.51:818][979]LogModuleManager: Shutting down and abandoning module GameplayTagsEditor (160)
[2015.11.17-16.06.51:818][979]LogModuleManager: Shutting down and abandoning module UserFeedback (159)
[2015.11.17-16.06.51:819][979]LogModuleManager: Shutting down and abandoning module XmlParser (158)
[2015.11.17-16.06.51:819][979]LogModuleManager: Shutting down and abandoning module Blutility (157)
[2015.11.17-16.06.51:819][979]LogModuleManager: Shutting down and abandoning module ProjectTargetPlatformEditor (156)
[2015.11.17-16.06.51:819][979]LogModuleManager: Shutting down and abandoning module ProjectSettingsViewer (155)
[2015.11.17-16.06.51:820][979]LogModuleManager: Shutting down and abandoning module InputBindingEditor (154)
[2015.11.17-16.06.51:820][979]LogModuleManager: Shutting down and abandoning module EditorSettingsViewer (153)
[2015.11.17-16.06.51:820][979]LogModuleManager: Shutting down and abandoning module SettingsEditor (152)
[2015.11.17-16.06.51:820][979]LogModuleManager: Shutting down and abandoning module ProjectLauncher (151)
[2015.11.17-16.06.51:821][979]LogModuleManager: Shutting down and abandoning module SessionFrontend (150)
[2015.11.17-16.06.51:821][979]LogModuleManager: Shutting down and abandoning module ProfilerClient (149)
[2015.11.17-16.06.51:821][979]LogModuleManager: Shutting down and abandoning module TargetDeviceServices (148)
[2015.11.17-16.06.51:821][979]LogModuleManager: Shutting down and abandoning module DeviceManager (147)
[2015.11.17-16.06.51:823][979]LogModuleManager: Shutting down and abandoning module AutomationController (146)
[2015.11.17-16.06.51:823][979]LogModuleManager: Shutting down and abandoning module AutomationWindow (145)
[2015.11.17-16.06.51:823][979]LogModuleManager: Shutting down and abandoning module Layers (144)
[2015.11.17-16.06.51:824][979]LogModuleManager: Shutting down and abandoning module ComponentVisualizers (143)
[2015.11.17-16.06.51:824][979]LogModuleManager: Shutting down and abandoning module DetailCustomizations (142)
[2015.11.17-16.06.51:824][979]LogModuleManager: Shutting down and abandoning module PackagesDialog (141)
[2015.11.17-16.06.51:824][979]LogModuleManager: Shutting down and abandoning module Persona (140)
[2015.11.17-16.06.51:824][979]LogModuleManager: Shutting down and abandoning module Kismet (139)
[2015.11.17-16.06.51:824][979]LogModuleManager: Shutting down and abandoning module GraphEditor (138)
[2015.11.17-16.06.51:825][979]LogModuleManager: Shutting down and abandoning module ClassViewer (137)
[2015.11.17-16.06.51:825][979]LogModuleManager: Shutting down and abandoning module Toolbox (136)
[2015.11.17-16.06.51:825][979]LogModuleManager: Shutting down and abandoning module ModuleUI (135)
[2015.11.17-16.06.51:826][979]LogModuleManager: Shutting down and abandoning module MovieSceneTools (134)
[2015.11.17-16.06.51:826][979]LogModuleManager: Shutting down and abandoning module OutputLog (133)
[2015.11.17-16.06.51:826][979]LogModuleManager: Shutting down and abandoning module GammaUI (132)
[2015.11.17-16.06.51:826][979]LogModuleManager: Shutting down and abandoning module Documentation (131)
[2015.11.17-16.06.51:826][979]LogModuleManager: Shutting down and abandoning module GameLiveStreaming (130)
[2015.11.17-16.06.51:826][979]LogModuleManager: Shutting down and abandoning module StreamingPauseRendering (129)
[2015.11.17-16.06.51:826][979]LogModuleManager: Shutting down and abandoning module AnalyticsET (128)
[2015.11.17-16.06.51:826][979]LogModuleManager: Shutting down and abandoning module Analytics (127)
[2015.11.17-16.06.51:826][979]LogModuleManager: Shutting down and abandoning module AITestSuite (126)
[2015.11.17-16.06.51:827][979]LogModuleManager: Shutting down and abandoning module GameplayDebugger (125)
[2015.11.17-16.06.51:827][979]LogModuleManager: Shutting down and abandoning module AIModule (124)
[2015.11.17-16.06.51:827][979]LogModuleManager: Shutting down and abandoning module ProfilerService (123)
[2015.11.17-16.06.52:043][979]LogModuleManager: Shutting down and abandoning module TaskGraph (122)
[2015.11.17-16.06.52:043][979]LogModuleManager: Shutting down and abandoning module SlateRemote (121)
[2015.11.17-16.06.52:043][979]LogModuleManager: Shutting down and abandoning module SteamVRController (120)
[2015.11.17-16.06.52:043][979]LogModuleManager: Shutting down and abandoning module SteamVR (119)
[2015.11.17-16.06.52:043][979]LogModuleManager: Shutting down and abandoning module ProceduralMeshComponent (118)
[2015.11.17-16.06.52:043][979]LogModuleManager: Shutting down and abandoning module OculusRift (117)
[2015.11.17-16.06.52:043][979]LogModuleManager: Shutting down and abandoning module OculusLibrary (116)
[2015.11.17-16.06.52:043][979]LogModuleManager: Shutting down and abandoning module LeapMotionController (115)
[2015.11.17-16.06.52:061][979]LogModuleManager: Shutting down and abandoning module CustomMeshComponent (114)
[2015.11.17-16.06.52:061][979]LogModuleManager: Shutting down and abandoning module CableComponent (113)
[2015.11.17-16.06.52:061][979]LogModuleManager: Shutting down and abandoning module ArchVisCharacter (112)
[2015.11.17-16.06.52:061][979]LogModuleManager: Shutting down and abandoning module MessagingDebugger (111)
[2015.11.17-16.06.52:061][979]LogModuleManager: Shutting down and abandoning module MediaPlayerEditor (110)
[2015.11.17-16.06.52:062][979]LogModuleManager: Shutting down and abandoning module HTML5Networking (109)
[2015.11.17-16.06.52:062][979]LogModuleManager: Shutting down and abandoning module SpeedTreeImporter (108)
[2015.11.17-16.06.52:062][979]LogModuleManager: Shutting down and abandoning module PluginBrowser (107)
[2015.11.17-16.06.52:062][979]LogModuleManager: Shutting down and abandoning module EpicSurvey (106)
[2015.11.17-16.06.52:062][979]LogModuleManager: Shutting down and abandoning module VisualStudioSourceCodeAccess (105)
[2015.11.17-16.06.52:062][979]LogModuleManager: Shutting down and abandoning module UObjectPlugin (104)
[2015.11.17-16.06.52:062][979]LogModuleManager: Shutting down and abandoning module SubversionSourceControl (103)
[2015.11.17-16.06.52:062][979]LogModuleManager: Shutting down and abandoning module PerforceSourceControl (102)
[2015.11.17-16.06.52:062][979]LogModuleManager: Shutting down and abandoning module SourceControl (101)
[2015.11.17-16.06.52:062][979]LogModuleManager: Shutting down and abandoning module GitSourceControl (100)
[2015.11.17-16.06.52:062][979]LogModuleManager: Shutting down and abandoning module LightPropagationVolumeEditor (99)
[2015.11.17-16.06.52:062][979]LogModuleManager: Shutting down and abandoning module PaperTiledImporter (98)
[2015.11.17-16.06.52:062][979]LogModuleManager: Shutting down and abandoning module PaperSpriteSheetImporter (97)
[2015.11.17-16.06.52:062][979]LogModuleManager: Shutting down and abandoning module MeshPaint (96)
[2015.11.17-16.06.52:062][979]LogModuleManager: Shutting down and abandoning module SlateReflector (95)
[2015.11.17-16.06.52:062][979]LogModuleManager: Shutting down and abandoning module HotReload (94)
[2015.11.17-16.06.52:062][979]LogModuleManager: Shutting down and abandoning module MainFrame (93)
[2015.11.17-16.06.52:062][979]LogModuleManager: Shutting down and abandoning module LevelEditor (92)
[2015.11.17-16.06.52:064][979]LogModuleManager: Shutting down and abandoning module DirectoryWatcher (91)
[2015.11.17-16.06.52:077][979]LogModuleManager: Shutting down and abandoning module AssetRegistry (90)
[2015.11.17-16.06.52:189][979]LogModuleManager: Shutting down and abandoning module ContentBrowser (89)
[2015.11.17-16.06.52:190][979]LogModuleManager: Shutting down and abandoning module Paper2DEditor (88)
[2015.11.17-16.06.52:190][979]LogModuleManager: Shutting down and abandoning module PoKeIt (87)
[2015.11.17-16.06.52:190][979]LogModuleManager: Shutting down and abandoning module UdpMessaging (86)
[2015.11.17-16.06.52:290][979]LogModuleManager: Shutting down and abandoning module LightPropagationVolumeRuntime (85)
[2015.11.17-16.06.52:290][979]LogModuleManager: Shutting down and abandoning module Paper2D (84)
[2015.11.17-16.06.52:290][979]LogModuleManager: Shutting down and abandoning module WindowsMoviePlayer (83)
[2015.11.17-16.06.52:304][979]LogModuleManager: Shutting down and abandoning module Media (82)
[2015.11.17-16.06.52:304][979]LogModuleManager: Shutting down and abandoning module WmfMedia (81)
[2015.11.17-16.06.52:304][979]LogModuleManager: Shutting down and abandoning module OnlineBlueprintSupport (80)
[2015.11.17-16.06.52:304][979]LogModuleManager: Shutting down and abandoning module GameplayTasksEditor (79)
[2015.11.17-16.06.52:304][979]LogModuleManager: Shutting down and abandoning module PropertyEditor (78)
[2015.11.17-16.06.52:304][979]LogModuleManager: Shutting down and abandoning module BehaviorTreeEditor (77)
[2015.11.17-16.06.52:304][979]LogModuleManager: Shutting down and abandoning module FunctionalTesting (76)
[2015.11.17-16.06.52:304][979]LogModuleManager: Shutting down and abandoning module CollisionAnalyzer (75)
[2015.11.17-16.06.52:304][979]LogModuleManager: Shutting down and abandoning module WorkspaceMenuStructure (74)
[2015.11.17-16.06.52:304][979]LogModuleManager: Shutting down and abandoning module MessageLog (73)
[2015.11.17-16.06.52:305][979]LogModuleManager: Shutting down and abandoning module Sequencer (72)
[2015.11.17-16.06.52:305][979]LogModuleManager: Shutting down and abandoning module AssetTools (71)
[2015.11.17-16.06.52:305][979]LogModuleManager: Shutting down and abandoning module UMGEditor (70)
[2015.11.17-16.06.52:305][979]LogModuleManager: Shutting down and abandoning module UMG (69)
[2015.11.17-16.06.52:305][979]LogModuleManager: Shutting down and abandoning module Slate (68)
[2015.11.17-16.06.52:305][979]LogModuleManager: Shutting down and abandoning module EditorStyle (67)
[2015.11.17-16.06.52:309][979]LogModuleManager: Shutting down and abandoning module SessionServices (66)
[2015.11.17-16.06.52:309][979]LogModuleManager: Shutting down and abandoning module SourceCodeAccess (65)
[2015.11.17-16.06.52:309][979]LogModuleManager: Shutting down and abandoning module HeadMountedDisplay (64)
[2015.11.17-16.06.52:309][979]LogModuleManager: Shutting down and abandoning module XAudio2 (63)
[2015.11.17-16.06.52:309][979]LogModuleManager: Shutting down and abandoning module Networking (61)
[2015.11.17-16.06.52:309][979]LogModuleManager: Shutting down and abandoning module Core (60)
[2015.11.17-16.06.52:309][979]LogModuleManager: Shutting down and abandoning module KismetCompiler (59)
[2015.11.17-16.06.52:309][979]LogModuleManager: Shutting down and abandoning module PhysXFormats (58)
[2015.11.17-16.06.52:309][979]LogModuleManager: Shutting down and abandoning module MeshUtilities (57)
[2015.11.17-16.06.52:309][979]LogModuleManager: Shutting down and abandoning module CookingStats (56)
[2015.11.17-16.06.52:310][979]LogModuleManager: Shutting down and abandoning module DerivedDataCache (55)
[2015.11.17-16.06.52:401][979]LogDerivedDataCache: Shutdown
[2015.11.17-16.06.52:401][979]LogModuleManager: Shutting down and abandoning module ShaderFormatOpenGL (54)
[2015.11.17-16.06.52:402][979]LogModuleManager: Shutting down and abandoning module ShaderFormatD3D (53)
[2015.11.17-16.06.52:402][979]LogModuleManager: Shutting down and abandoning module MetalShaderFormat (52)
[2015.11.17-16.06.52:402][979]LogModuleManager: Shutting down and abandoning module TextureFormatUncompressed (51)
[2015.11.17-16.06.52:402][979]LogModuleManager: Shutting down and abandoning module TextureFormatPVR (50)
[2015.11.17-16.06.52:403][979]LogModuleManager: Shutting down and abandoning module TextureFormatIntelISPCTexComp (49)
[2015.11.17-16.06.52:403][979]LogModuleManager: Shutting down and abandoning module TextureFormatDXT (48)
[2015.11.17-16.06.52:404][979]LogModuleManager: Shutting down and abandoning module ImageWrapper (47)
[2015.11.17-16.06.52:404][979]LogModuleManager: Shutting down and abandoning module TextureFormatASTC (46)
[2015.11.17-16.06.52:404][979]LogModuleManager: Shutting down and abandoning module TextureFormatAndroid (45)
[2015.11.17-16.06.52:404][979]LogModuleManager: Shutting down and abandoning module AudioFormatOpus (44)
[2015.11.17-16.06.52:404][979]LogModuleManager: Shutting down and abandoning module AudioFormatOgg (43)
[2015.11.17-16.06.52:404][979]LogModuleManager: Shutting down and abandoning module AudioFormatADPCM (42)
[2015.11.17-16.06.52:404][979]LogModuleManager: Shutting down and abandoning module LinuxTargetPlatform (41)
[2015.11.17-16.06.52:405][979]LogModuleManager: Shutting down and abandoning module LinuxServerTargetPlatform (40)
[2015.11.17-16.06.52:405][979]LogModuleManager: Shutting down and abandoning module LinuxNoEditorTargetPlatform (39)
[2015.11.17-16.06.52:405][979]LogModuleManager: Shutting down and abandoning module Messaging (38)
[2015.11.17-16.06.52:405][979]LogModuleManager: Shutting down and abandoning module IOSTargetPlatform (37)
[2015.11.17-16.06.52:405][979]LogModuleManager: Shutting down and abandoning module HTML5TargetPlatform (36)
[2015.11.17-16.06.52:405][979]LogModuleManager: Shutting down and abandoning module Android_PVRTCTargetPlatform (35)
[2015.11.17-16.06.52:405][979]LogModuleManager: Shutting down and abandoning module Android_ETC2TargetPlatform (34)
[2015.11.17-16.06.52:405][979]LogModuleManager: Shutting down and abandoning module Android_ETC1TargetPlatform (33)
[2015.11.17-16.06.52:405][979]LogModuleManager: Shutting down and abandoning module Android_DXTTargetPlatform (32)
[2015.11.17-16.06.52:405][979]LogModuleManager: Shutting down and abandoning module Android_ATCTargetPlatform (31)
[2015.11.17-16.06.52:405][979]LogModuleManager: Shutting down and abandoning module Android_ASTCTargetPlatform (30)
[2015.11.17-16.06.52:405][979]LogModuleManager: Shutting down and abandoning module AndroidTargetPlatform (29)
[2015.11.17-16.06.52:405][979]LogModuleManager: Shutting down and abandoning module WindowsTargetPlatform (28)
[2015.11.17-16.06.52:406][979]LogModuleManager: Shutting down and abandoning module WindowsServerTargetPlatform (27)
[2015.11.17-16.06.52:406][979]LogModuleManager: Shutting down and abandoning module WindowsNoEditorTargetPlatform (26)
[2015.11.17-16.06.52:406][979]LogModuleManager: Shutting down and abandoning module WindowsClientTargetPlatform (25)
[2015.11.17-16.06.52:406][979]LogModuleManager: Shutting down and abandoning module AllDesktopTargetPlatform (24)
[2015.11.17-16.06.52:406][979]LogModuleManager: Shutting down and abandoning module TargetPlatform (23)
[2015.11.17-16.06.52:406][979]LogModuleManager: Shutting down and abandoning module InputCore (22)
[2015.11.17-16.06.52:406][979]LogModuleManager: Shutting down and abandoning module Settings (21)
[2015.11.17-16.06.52:407][979]LogModuleManager: Shutting down and abandoning module OnlineSubsystem (19)
[2015.11.17-16.06.52:407][979]LogModuleManager: Shutting down and abandoning module HTTP (18)
[2015.11.17-16.06.54:425][979]LogModuleManager: Shutting down and abandoning module XMPP (17)
[2015.11.17-16.06.54:426][979]LogModuleManager: Shutting down and abandoning module ExampleDeviceProfileSelector (16)
[2015.11.17-16.06.54:426][979]LogModuleManager: Shutting down and abandoning module DesktopPlatform (15)
[2015.11.17-16.06.54:426][979]LogModuleManager: Shutting down and abandoning module TextureCompressor (14)
[2015.11.17-16.06.54:427][979]LogModuleManager: Shutting down and abandoning module ShaderCore (13)
[2015.11.17-16.06.54:427][979]LogModuleManager: Shutting down and abandoning module Landscape (12)
[2015.11.17-16.06.54:427][979]LogModuleManager: Shutting down and abandoning module SlateRHIRenderer (11)
[2015.11.17-16.06.54:434][979]LogModuleManager: Shutting down and abandoning module OpenGLDrv (10)
[2015.11.17-16.06.54:434][979]LogModuleManager: Shutting down and abandoning module D3D11RHI (9)
[2015.11.17-16.06.54:434][979]LogModuleManager: Shutting down and abandoning module AnimGraphRuntime (8)
[2015.11.17-16.06.54:434][979]LogModuleManager: Shutting down and abandoning module Renderer (7)
[2015.11.17-16.06.54:434][979]LogModuleManager: Shutting down and abandoning module Engine (6)
[2015.11.17-16.06.54:434][979]LogModuleManager: Shutting down and abandoning module CoreUObject (5)
[2015.11.17-16.06.54:434][979]LogModuleManager: Shutting down and abandoning module NetworkFile (4)
[2015.11.17-16.06.54:434][979]LogModuleManager: Shutting down and abandoning module StreamingFile (3)
[2015.11.17-16.06.54:434][979]LogModuleManager: Shutting down and abandoning module SandboxFile (2)
[2015.11.17-16.06.54:434][979]LogModuleManager: Shutting down and abandoning module PakFile (1)
[2015.11.17-16.06.54:435][979]LogExit: Exiting.
[2015.11.17-16.06.54:440][979]Log file closed, 11/17/15 17:06:54
