[2015.11.06-14.13.15:501][  0]Log file open, 11/06/15 15:13:15
[2015.11.06-14.13.15:501][  0]LogInit:Display: Running engine for game: PoKeIt
[2015.11.06-14.13.15:501][  0]LogInit:Display: RandInit(966951412) SRandInit(966951412).
[2015.11.06-14.13.15:501][  0]LogTaskGraph: Started task graph with 4 named threads and 5 total threads.
[2015.11.06-14.13.15:501][  0]LogStats: Stats thread started at 0.097604
[2015.11.06-14.13.15:501][  0]LogInit:Warning: Incompatible or missing module: UE4Editor-PoKeIt.dll
[2015.11.06-14.13.28:502][  0]Running D:/Program Files/Epic Games/4.9/Engine/Binaries/DotNET/UnrealBuildTool.exe PoKeIt Development Win64 -project="D:/Studium/GitHub_Projects/PoKeIt/PoKeIt/PoKeIt.uproject" -rocket -editorrecompile -progress -noubtmakefiles
[2015.11.06-14.14.27:129][  0]@progress push 5%
[2015.11.06-14.14.28:661][  0]Parsing headers for PoKeItEditor
[2015.11.06-14.14.28:770][  0]  Running UnrealHeaderTool "D:/Studium/GitHub_Projects/PoKeIt/PoKeIt/PoKeIt.uproject" "D:\Studium\GitHub_Projects\PoKeIt\PoKeIt\Intermediate\Build\Win64\PoKeItEditor\Development\UnrealHeaderTool.manifest" -LogCmds="loginit warning, logexit warning, logdatabase error" -rocket -installed
[2015.11.06-14.14.56:635][  0]Reflection code generated for PoKeItEditor in 27,9184163 seconds
[2015.11.06-14.14.57:291][  0]@progress pop
[2015.11.06-14.14.57:400][  0]ERROR: Visual Studio 2012, 2013 or 2015 must be installed in order to build this target.
[2015.11.06-14.14.58:744][  0]LogInit:Warning: Still incompatible or missing module: UE4Editor-PoKeIt.dll
[2015.11.06-14.15.02:432][  0]LogExit: Preparing to exit.
[2015.11.06-14.15.02:448][  0]LogModuleManager: Shutting down and abandoning module DesktopPlatform (15)
[2015.11.06-14.15.02:448][  0]LogModuleManager: Shutting down and abandoning module TextureCompressor (14)
[2015.11.06-14.15.02:448][  0]LogModuleManager: Shutting down and abandoning module ShaderCore (13)
[2015.11.06-14.15.02:448][  0]LogModuleManager: Shutting down and abandoning module Landscape (12)
[2015.11.06-14.15.02:448][  0]LogModuleManager: Shutting down and abandoning module SlateRHIRenderer (11)
[2015.11.06-14.15.02:448][  0]LogModuleManager: Shutting down and abandoning module OpenGLDrv (10)
[2015.11.06-14.15.02:448][  0]LogModuleManager: Shutting down and abandoning module D3D11RHI (9)
[2015.11.06-14.15.02:448][  0]LogModuleManager: Shutting down and abandoning module AnimGraphRuntime (8)
[2015.11.06-14.15.02:448][  0]LogModuleManager: Shutting down and abandoning module Renderer (7)
[2015.11.06-14.15.02:448][  0]LogModuleManager: Shutting down and abandoning module Engine (6)
[2015.11.06-14.15.02:448][  0]LogModuleManager: Shutting down and abandoning module CoreUObject (5)
[2015.11.06-14.15.02:448][  0]LogModuleManager: Shutting down and abandoning module NetworkFile (4)
[2015.11.06-14.15.02:448][  0]LogModuleManager: Shutting down and abandoning module StreamingFile (3)
[2015.11.06-14.15.02:448][  0]LogModuleManager: Shutting down and abandoning module SandboxFile (2)
[2015.11.06-14.15.02:448][  0]LogModuleManager: Shutting down and abandoning module PakFile (1)
[2015.11.06-14.15.02:448][  0]LogExit: Exiting.
[2015.11.06-14.15.02:448][  0]Log file closed, 11/06/15 15:15:02
